2024-11-08 04:37:32,204 CRIT Supervisor is running as root.  Privileges were not dropped because no user is specified in the config file.  If you intend to run as root, you can set user=root in the config file to avoid this message.
2024-11-08 04:37:32,204 INFO Included extra file "/etc/supervisor.d/cron.conf" during parsing
2024-11-08 04:37:32,204 INFO Included extra file "/etc/supervisor.d/php-fpm.conf" during parsing
2024-11-08 04:37:32,207 INFO supervisord started with pid 1
2024-11-08 04:37:33,211 INFO spawned: 'cron-job' with pid 10
2024-11-08 04:37:33,213 INFO spawned: 'php-fpm' with pid 11
2024-11-08 04:37:34,281 INFO success: cron-job entered RUNNING state, process has stayed up for > than 1 seconds (startsecs)
2024-11-08 04:37:34,281 INFO success: php-fpm entered RUNNING state, process has stayed up for > than 1 seconds (startsecs)
2024-11-08 04:38:48,373 WARN received SIGQUIT indicating exit request
2024-11-08 04:38:48,373 INFO waiting for cron-job, php-fpm to die
2024-11-08 04:38:48,378 INFO stopped: php-fpm (exit status 0)
2024-11-08 04:38:48,379 WARN stopped: cron-job (terminated by SIGTERM)
2024-11-08 04:39:00,815 CRIT Supervisor is running as root.  Privileges were not dropped because no user is specified in the config file.  If you intend to run as root, you can set user=root in the config file to avoid this message.
2024-11-08 04:39:00,815 INFO Included extra file "/etc/supervisor.d/cron.conf" during parsing
2024-11-08 04:39:00,815 INFO Included extra file "/etc/supervisor.d/php-fpm.conf" during parsing
2024-11-08 04:39:00,816 INFO supervisord started with pid 1
2024-11-08 04:39:01,820 INFO spawned: 'cron-job' with pid 10
2024-11-08 04:39:01,822 INFO spawned: 'php-fpm' with pid 11
2024-11-08 04:39:02,855 INFO success: cron-job entered RUNNING state, process has stayed up for > than 1 seconds (startsecs)
2024-11-08 04:39:02,856 INFO success: php-fpm entered RUNNING state, process has stayed up for > than 1 seconds (startsecs)
2024-11-08 04:40:54,984 WARN received SIGQUIT indicating exit request
2024-11-08 04:40:54,992 INFO waiting for cron-job, php-fpm to die
2024-11-08 04:40:54,998 INFO stopped: php-fpm (exit status 0)
2024-11-08 04:40:54,998 WARN stopped: cron-job (terminated by SIGTERM)
2024-11-08 04:42:10,222 CRIT Supervisor is running as root.  Privileges were not dropped because no user is specified in the config file.  If you intend to run as root, you can set user=root in the config file to avoid this message.
2024-11-08 04:42:10,222 INFO Included extra file "/etc/supervisor.d/cron.conf" during parsing
2024-11-08 04:42:10,222 INFO Included extra file "/etc/supervisor.d/php-fpm.conf" during parsing
2024-11-08 04:42:10,225 INFO supervisord started with pid 1
2024-11-08 04:42:11,228 INFO spawned: 'cron-job' with pid 10
2024-11-08 04:42:11,230 INFO spawned: 'php-fpm' with pid 11
2024-11-08 04:42:12,264 INFO success: cron-job entered RUNNING state, process has stayed up for > than 1 seconds (startsecs)
2024-11-08 04:42:12,264 INFO success: php-fpm entered RUNNING state, process has stayed up for > than 1 seconds (startsecs)
2024-11-08 04:44:16,394 WARN received SIGQUIT indicating exit request
2024-11-08 04:44:16,395 INFO waiting for cron-job, php-fpm to die
2024-11-08 04:44:16,399 INFO stopped: php-fpm (exit status 0)
2024-11-08 04:44:16,399 WARN stopped: cron-job (terminated by SIGTERM)
2024-11-08 04:44:32,729 CRIT Supervisor is running as root.  Privileges were not dropped because no user is specified in the config file.  If you intend to run as root, you can set user=root in the config file to avoid this message.
2024-11-08 04:44:32,729 INFO Included extra file "/etc/supervisor.d/cron.conf" during parsing
2024-11-08 04:44:32,729 INFO Included extra file "/etc/supervisor.d/php-fpm.conf" during parsing
2024-11-08 04:44:32,731 INFO supervisord started with pid 1
2024-11-08 04:44:33,733 INFO spawned: 'cron-job' with pid 10
2024-11-08 04:44:33,735 INFO spawned: 'php-fpm' with pid 11
2024-11-08 04:44:34,768 INFO success: cron-job entered RUNNING state, process has stayed up for > than 1 seconds (startsecs)
2024-11-08 04:44:34,769 INFO success: php-fpm entered RUNNING state, process has stayed up for > than 1 seconds (startsecs)
2024-11-08 04:56:33,775 WARN received SIGQUIT indicating exit request
2024-11-08 04:56:33,776 INFO waiting for cron-job, php-fpm to die
2024-11-08 04:56:33,785 INFO stopped: php-fpm (exit status 0)
2024-11-08 04:56:33,785 WARN stopped: cron-job (terminated by SIGTERM)
2024-11-08 04:57:01,263 CRIT Supervisor is running as root.  Privileges were not dropped because no user is specified in the config file.  If you intend to run as root, you can set user=root in the config file to avoid this message.
2024-11-08 04:57:01,263 INFO Included extra file "/etc/supervisor.d/cron.conf" during parsing
2024-11-08 04:57:01,263 INFO Included extra file "/etc/supervisor.d/php-fpm.conf" during parsing
2024-11-08 04:57:01,265 INFO supervisord started with pid 1
2024-11-08 04:57:02,268 INFO spawned: 'cron-job' with pid 10
2024-11-08 04:57:02,269 INFO spawned: 'php-fpm' with pid 11
2024-11-08 04:57:03,302 INFO success: cron-job entered RUNNING state, process has stayed up for > than 1 seconds (startsecs)
2024-11-08 04:57:03,302 INFO success: php-fpm entered RUNNING state, process has stayed up for > than 1 seconds (startsecs)
2024-11-08 04:58:27,470 WARN received SIGQUIT indicating exit request
2024-11-08 04:58:27,471 INFO waiting for cron-job, php-fpm to die
2024-11-08 04:58:27,478 INFO stopped: php-fpm (exit status 0)
2024-11-08 04:58:27,479 WARN stopped: cron-job (terminated by SIGTERM)
2024-11-08 04:58:42,041 CRIT Supervisor is running as root.  Privileges were not dropped because no user is specified in the config file.  If you intend to run as root, you can set user=root in the config file to avoid this message.
2024-11-08 04:58:42,041 INFO Included extra file "/etc/supervisor.d/cron.conf" during parsing
2024-11-08 04:58:42,041 INFO Included extra file "/etc/supervisor.d/php-fpm.conf" during parsing
2024-11-08 04:58:42,042 INFO supervisord started with pid 1
2024-11-08 04:58:43,046 INFO spawned: 'cron-job' with pid 10
2024-11-08 04:58:43,047 INFO spawned: 'php-fpm' with pid 11
2024-11-08 04:58:44,080 INFO success: cron-job entered RUNNING state, process has stayed up for > than 1 seconds (startsecs)
2024-11-08 04:58:44,081 INFO success: php-fpm entered RUNNING state, process has stayed up for > than 1 seconds (startsecs)
2024-11-08 06:03:33,856 WARN received SIGQUIT indicating exit request
2024-11-08 06:03:33,856 INFO waiting for cron-job, php-fpm to die
2024-11-08 06:03:33,864 INFO stopped: php-fpm (exit status 0)
2024-11-08 06:03:33,865 WARN stopped: cron-job (terminated by SIGTERM)
2024-11-08 06:03:46,935 CRIT Supervisor is running as root.  Privileges were not dropped because no user is specified in the config file.  If you intend to run as root, you can set user=root in the config file to avoid this message.
2024-11-08 06:03:46,936 INFO Included extra file "/etc/supervisor.d/cron.conf" during parsing
2024-11-08 06:03:46,936 INFO Included extra file "/etc/supervisor.d/php-fpm.conf" during parsing
2024-11-08 06:03:46,937 INFO supervisord started with pid 1
2024-11-08 06:03:47,940 INFO spawned: 'cron-job' with pid 10
2024-11-08 06:03:47,941 INFO spawned: 'php-fpm' with pid 11
2024-11-08 06:03:48,974 INFO success: cron-job entered RUNNING state, process has stayed up for > than 1 seconds (startsecs)
2024-11-08 06:03:48,974 INFO success: php-fpm entered RUNNING state, process has stayed up for > than 1 seconds (startsecs)
2024-11-08 06:30:17,155 WARN received SIGQUIT indicating exit request
2024-11-08 06:30:17,161 INFO waiting for cron-job, php-fpm to die
2024-11-08 06:30:17,169 INFO stopped: php-fpm (exit status 0)
2024-11-08 06:30:17,170 WARN stopped: cron-job (terminated by SIGTERM)
2024-11-08 06:33:14,347 CRIT Supervisor is running as root.  Privileges were not dropped because no user is specified in the config file.  If you intend to run as root, you can set user=root in the config file to avoid this message.
2024-11-08 06:33:14,347 INFO Included extra file "/etc/supervisor.d/cron.conf" during parsing
2024-11-08 06:33:14,347 INFO Included extra file "/etc/supervisor.d/php-fpm.conf" during parsing
2024-11-08 06:33:14,350 INFO supervisord started with pid 1
2024-11-08 06:33:15,353 INFO spawned: 'cron-job' with pid 10
2024-11-08 06:33:15,355 INFO spawned: 'php-fpm' with pid 11
2024-11-08 06:33:16,394 INFO success: cron-job entered RUNNING state, process has stayed up for > than 1 seconds (startsecs)
2024-11-08 06:33:16,394 INFO success: php-fpm entered RUNNING state, process has stayed up for > than 1 seconds (startsecs)
2024-11-08 06:36:55,139 WARN received SIGQUIT indicating exit request
2024-11-08 06:36:55,139 INFO waiting for cron-job, php-fpm to die
2024-11-08 06:36:55,147 INFO stopped: php-fpm (exit status 0)
2024-11-08 06:36:55,148 WARN stopped: cron-job (terminated by SIGTERM)
2024-11-08 06:37:10,395 CRIT Supervisor is running as root.  Privileges were not dropped because no user is specified in the config file.  If you intend to run as root, you can set user=root in the config file to avoid this message.
2024-11-08 06:37:10,396 INFO Included extra file "/etc/supervisor.d/cron.conf" during parsing
2024-11-08 06:37:10,396 INFO Included extra file "/etc/supervisor.d/php-fpm.conf" during parsing
2024-11-08 06:37:10,397 INFO supervisord started with pid 1
2024-11-08 06:37:11,400 INFO spawned: 'cron-job' with pid 10
2024-11-08 06:37:11,402 INFO spawned: 'php-fpm' with pid 11
2024-11-08 06:37:12,434 INFO success: cron-job entered RUNNING state, process has stayed up for > than 1 seconds (startsecs)
2024-11-08 06:37:12,434 INFO success: php-fpm entered RUNNING state, process has stayed up for > than 1 seconds (startsecs)
2024-11-08 06:57:59,995 WARN received SIGQUIT indicating exit request
2024-11-08 06:57:59,996 INFO waiting for cron-job, php-fpm to die
2024-11-08 06:58:00,003 INFO stopped: php-fpm (exit status 0)
2024-11-08 06:58:00,004 WARN stopped: cron-job (terminated by SIGTERM)
2024-11-08 07:01:00,419 CRIT Supervisor is running as root.  Privileges were not dropped because no user is specified in the config file.  If you intend to run as root, you can set user=root in the config file to avoid this message.
2024-11-08 07:01:00,419 INFO Included extra file "/etc/supervisor.d/cron.conf" during parsing
2024-11-08 07:01:00,419 INFO Included extra file "/etc/supervisor.d/php-fpm.conf" during parsing
2024-11-08 07:01:00,814 INFO supervisord started with pid 1
2024-11-08 07:01:01,817 INFO spawned: 'cron-job' with pid 10
2024-11-08 07:01:01,818 INFO spawned: 'php-fpm' with pid 11
2024-11-08 07:01:02,853 INFO success: cron-job entered RUNNING state, process has stayed up for > than 1 seconds (startsecs)
2024-11-08 07:01:02,853 INFO success: php-fpm entered RUNNING state, process has stayed up for > than 1 seconds (startsecs)
2024-11-08 07:03:04,133 WARN received SIGQUIT indicating exit request
2024-11-08 07:03:04,133 INFO waiting for cron-job, php-fpm to die
2024-11-08 07:03:04,140 INFO stopped: php-fpm (exit status 0)
2024-11-08 07:03:04,141 WARN stopped: cron-job (terminated by SIGTERM)
2024-11-08 07:03:04,141 INFO reaped unknown pid 19 (exit status 0)
2024-11-08 07:03:04,141 INFO reaped unknown pid 20 (exit status 1)
2024-11-08 07:03:04,141 INFO reaped unknown pid 21 (exit status 1)
2024-11-08 07:05:29,213 CRIT Supervisor is running as root.  Privileges were not dropped because no user is specified in the config file.  If you intend to run as root, you can set user=root in the config file to avoid this message.
2024-11-08 07:05:29,213 INFO Included extra file "/etc/supervisor.d/cron.conf" during parsing
2024-11-08 07:05:29,213 INFO Included extra file "/etc/supervisor.d/php-fpm.conf" during parsing
2024-11-08 07:05:29,215 INFO supervisord started with pid 1
2024-11-08 07:05:30,217 INFO spawned: 'cron-job' with pid 10
2024-11-08 07:05:30,218 INFO spawned: 'php-fpm' with pid 11
2024-11-08 07:05:31,253 INFO success: cron-job entered RUNNING state, process has stayed up for > than 1 seconds (startsecs)
2024-11-08 07:05:31,253 INFO success: php-fpm entered RUNNING state, process has stayed up for > than 1 seconds (startsecs)
2024-11-08 07:36:11,997 WARN received SIGQUIT indicating exit request
2024-11-08 07:36:12,002 INFO waiting for cron-job, php-fpm to die
2024-11-08 07:36:12,016 INFO stopped: php-fpm (exit status 0)
2024-11-08 07:36:12,016 WARN stopped: cron-job (terminated by SIGTERM)
2024-11-08 07:36:26,199 CRIT Supervisor is running as root.  Privileges were not dropped because no user is specified in the config file.  If you intend to run as root, you can set user=root in the config file to avoid this message.
2024-11-08 07:36:26,199 INFO Included extra file "/etc/supervisor.d/cron.conf" during parsing
2024-11-08 07:36:26,199 INFO Included extra file "/etc/supervisor.d/php-fpm.conf" during parsing
2024-11-08 07:36:26,202 INFO supervisord started with pid 1
2024-11-08 07:36:27,205 INFO spawned: 'cron-job' with pid 10
2024-11-08 07:36:27,206 INFO spawned: 'php-fpm' with pid 11
2024-11-08 07:36:28,251 INFO success: cron-job entered RUNNING state, process has stayed up for > than 1 seconds (startsecs)
2024-11-08 07:36:28,251 INFO success: php-fpm entered RUNNING state, process has stayed up for > than 1 seconds (startsecs)
2024-11-08 07:49:22,787 WARN received SIGQUIT indicating exit request
2024-11-08 07:49:22,793 INFO waiting for cron-job, php-fpm to die
2024-11-08 07:49:22,802 INFO stopped: php-fpm (exit status 0)
2024-11-08 07:49:22,803 WARN stopped: cron-job (terminated by SIGTERM)
2024-11-08 08:22:23,556 CRIT Supervisor is running as root.  Privileges were not dropped because no user is specified in the config file.  If you intend to run as root, you can set user=root in the config file to avoid this message.
2024-11-08 08:22:23,557 INFO Included extra file "/etc/supervisor.d/cron.conf" during parsing
2024-11-08 08:22:23,557 INFO Included extra file "/etc/supervisor.d/php-fpm.conf" during parsing
2024-11-08 08:22:23,559 INFO supervisord started with pid 1
2024-11-08 08:22:24,563 INFO spawned: 'cron-job' with pid 10
2024-11-08 08:22:24,565 INFO spawned: 'php-fpm' with pid 11
2024-11-08 08:22:25,634 INFO success: cron-job entered RUNNING state, process has stayed up for > than 1 seconds (startsecs)
2024-11-08 08:22:25,634 INFO success: php-fpm entered RUNNING state, process has stayed up for > than 1 seconds (startsecs)
2024-11-08 09:07:54,713 WARN received SIGQUIT indicating exit request
2024-11-08 09:07:54,717 INFO waiting for cron-job, php-fpm to die
2024-11-08 09:07:54,726 INFO stopped: php-fpm (exit status 0)
2024-11-08 09:07:54,728 WARN stopped: cron-job (terminated by SIGTERM)
2024-11-08 10:02:19,211 CRIT Supervisor is running as root.  Privileges were not dropped because no user is specified in the config file.  If you intend to run as root, you can set user=root in the config file to avoid this message.
2024-11-08 10:02:19,211 INFO Included extra file "/etc/supervisor.d/cron.conf" during parsing
2024-11-08 10:02:19,211 INFO Included extra file "/etc/supervisor.d/php-fpm.conf" during parsing
2024-11-08 10:02:19,214 INFO supervisord started with pid 1
2024-11-08 10:02:20,216 INFO spawned: 'cron-job' with pid 10
2024-11-08 10:02:20,217 INFO spawned: 'php-fpm' with pid 11
2024-11-08 10:02:21,266 INFO success: cron-job entered RUNNING state, process has stayed up for > than 1 seconds (startsecs)
2024-11-08 10:02:21,266 INFO success: php-fpm entered RUNNING state, process has stayed up for > than 1 seconds (startsecs)
2024-11-08 10:14:44,780 WARN received SIGQUIT indicating exit request
2024-11-08 10:14:44,781 INFO waiting for cron-job, php-fpm to die
2024-11-08 10:14:44,790 INFO stopped: php-fpm (exit status 0)
2024-11-08 10:14:44,790 WARN stopped: cron-job (terminated by SIGTERM)
2024-11-08 10:14:55,791 CRIT Supervisor is running as root.  Privileges were not dropped because no user is specified in the config file.  If you intend to run as root, you can set user=root in the config file to avoid this message.
2024-11-08 10:14:55,791 INFO Included extra file "/etc/supervisor.d/cron.conf" during parsing
2024-11-08 10:14:55,791 INFO Included extra file "/etc/supervisor.d/php-fpm.conf" during parsing
2024-11-08 10:14:55,794 INFO supervisord started with pid 1
2024-11-08 10:14:56,798 INFO spawned: 'cron-job' with pid 10
2024-11-08 10:14:56,799 INFO spawned: 'php-fpm' with pid 11
2024-11-08 10:14:57,834 INFO success: cron-job entered RUNNING state, process has stayed up for > than 1 seconds (startsecs)
2024-11-08 10:14:57,834 INFO success: php-fpm entered RUNNING state, process has stayed up for > than 1 seconds (startsecs)
2024-11-08 10:16:13,867 WARN received SIGQUIT indicating exit request
2024-11-08 10:16:13,867 INFO waiting for cron-job, php-fpm to die
2024-11-08 10:16:13,873 INFO stopped: php-fpm (exit status 0)
2024-11-08 10:16:13,874 WARN stopped: cron-job (terminated by SIGTERM)
2024-11-11 02:28:02,772 CRIT Supervisor is running as root.  Privileges were not dropped because no user is specified in the config file.  If you intend to run as root, you can set user=root in the config file to avoid this message.
2024-11-11 02:28:02,773 INFO Included extra file "/etc/supervisor.d/cron.conf" during parsing
2024-11-11 02:28:02,773 INFO Included extra file "/etc/supervisor.d/php-fpm.conf" during parsing
2024-11-11 02:28:02,776 INFO supervisord started with pid 1
2024-11-11 02:28:03,779 INFO spawned: 'cron-job' with pid 10
2024-11-11 02:28:03,780 INFO spawned: 'php-fpm' with pid 11
2024-11-11 02:28:04,845 INFO success: cron-job entered RUNNING state, process has stayed up for > than 1 seconds (startsecs)
2024-11-11 02:28:04,846 INFO success: php-fpm entered RUNNING state, process has stayed up for > than 1 seconds (startsecs)
2024-11-11 02:39:27,153 WARN received SIGQUIT indicating exit request
2024-11-11 02:39:27,154 INFO waiting for cron-job, php-fpm to die
2024-11-11 02:39:27,161 INFO stopped: php-fpm (exit status 0)
2024-11-11 02:39:27,161 WARN stopped: cron-job (terminated by SIGTERM)
2024-12-01 02:07:18,471 CRIT Supervisor is running as root.  Privileges were not dropped because no user is specified in the config file.  If you intend to run as root, you can set user=root in the config file to avoid this message.
2024-12-01 02:07:18,472 INFO Included extra file "/etc/supervisor.d/cron.conf" during parsing
2024-12-01 02:07:18,472 INFO Included extra file "/etc/supervisor.d/php-fpm.conf" during parsing
2024-12-01 02:07:18,473 INFO supervisord started with pid 1
2024-12-01 02:07:19,476 INFO spawned: 'cron-job' with pid 10
2024-12-01 02:07:19,477 INFO spawned: 'php-fpm' with pid 11
2024-12-01 02:07:20,508 INFO success: cron-job entered RUNNING state, process has stayed up for > than 1 seconds (startsecs)
2024-12-01 02:07:20,508 INFO success: php-fpm entered RUNNING state, process has stayed up for > than 1 seconds (startsecs)
2024-12-01 02:29:18,664 WARN received SIGQUIT indicating exit request
2024-12-01 02:29:18,664 INFO waiting for cron-job, php-fpm to die
2024-12-01 02:29:18,670 INFO stopped: php-fpm (exit status 0)
2024-12-01 02:29:18,671 WARN stopped: cron-job (terminated by SIGTERM)
2024-12-01 02:50:21,611 CRIT Supervisor is running as root.  Privileges were not dropped because no user is specified in the config file.  If you intend to run as root, you can set user=root in the config file to avoid this message.
2024-12-01 02:50:21,611 INFO Included extra file "/etc/supervisor.d/cron.conf" during parsing
2024-12-01 02:50:21,611 INFO Included extra file "/etc/supervisor.d/php-fpm.conf" during parsing
2024-12-01 02:50:21,614 INFO supervisord started with pid 1
2024-12-01 02:50:22,617 INFO spawned: 'cron-job' with pid 10
2024-12-01 02:50:22,618 INFO spawned: 'php-fpm' with pid 11
2024-12-01 02:50:23,682 INFO success: cron-job entered RUNNING state, process has stayed up for > than 1 seconds (startsecs)
2024-12-01 02:50:23,682 INFO success: php-fpm entered RUNNING state, process has stayed up for > than 1 seconds (startsecs)
2024-12-01 02:58:08,824 WARN received SIGQUIT indicating exit request
2024-12-01 02:58:08,825 INFO waiting for cron-job, php-fpm to die
2024-12-01 02:58:08,829 INFO stopped: php-fpm (exit status 0)
2024-12-01 02:58:08,830 WARN stopped: cron-job (terminated by SIGTERM)
2024-12-01 02:58:08,830 INFO reaped unknown pid 53 (exit status 0)
2024-12-01 02:58:08,830 INFO reaped unknown pid 54 (exit status 1)
2024-12-01 02:58:08,830 INFO reaped unknown pid 55 (exit status 1)
2024-12-01 02:59:12,478 CRIT Supervisor is running as root.  Privileges were not dropped because no user is specified in the config file.  If you intend to run as root, you can set user=root in the config file to avoid this message.
2024-12-01 02:59:12,478 INFO Included extra file "/etc/supervisor.d/cron.conf" during parsing
2024-12-01 02:59:12,478 INFO Included extra file "/etc/supervisor.d/php-fpm.conf" during parsing
2024-12-01 02:59:12,479 INFO supervisord started with pid 1
2024-12-01 02:59:13,481 INFO spawned: 'cron-job' with pid 10
2024-12-01 02:59:13,482 INFO spawned: 'php-fpm' with pid 11
2024-12-01 02:59:14,515 INFO success: cron-job entered RUNNING state, process has stayed up for > than 1 seconds (startsecs)
2024-12-01 02:59:14,515 INFO success: php-fpm entered RUNNING state, process has stayed up for > than 1 seconds (startsecs)
2024-12-01 03:38:19,620 WARN received SIGQUIT indicating exit request
2024-12-01 03:38:19,620 INFO waiting for cron-job, php-fpm to die
2024-12-01 03:38:19,626 INFO stopped: php-fpm (exit status 0)
2024-12-01 03:38:19,627 WARN stopped: cron-job (terminated by SIGTERM)
2024-12-01 03:38:43,820 CRIT Supervisor is running as root.  Privileges were not dropped because no user is specified in the config file.  If you intend to run as root, you can set user=root in the config file to avoid this message.
2024-12-01 03:38:43,820 INFO Included extra file "/etc/supervisor.d/cron.conf" during parsing
2024-12-01 03:38:43,820 INFO Included extra file "/etc/supervisor.d/php-fpm.conf" during parsing
2024-12-01 03:38:43,820 INFO Included extra file "/etc/supervisor.d/worker.conf" during parsing
2024-12-01 03:38:43,822 INFO supervisord started with pid 1
2024-12-01 03:38:44,824 INFO spawned: 'cron-job' with pid 10
2024-12-01 03:38:44,826 INFO spawned: 'laravel-worker_00' with pid 11
2024-12-01 03:38:44,827 INFO spawned: 'laravel-worker_01' with pid 12
2024-12-01 03:38:44,828 INFO spawned: 'php-fpm' with pid 13
2024-12-01 03:38:45,994 INFO success: cron-job entered RUNNING state, process has stayed up for > than 1 seconds (startsecs)
2024-12-01 03:38:45,994 INFO success: laravel-worker_00 entered RUNNING state, process has stayed up for > than 1 seconds (startsecs)
2024-12-01 03:38:45,994 INFO success: laravel-worker_01 entered RUNNING state, process has stayed up for > than 1 seconds (startsecs)
2024-12-01 03:38:45,994 INFO success: php-fpm entered RUNNING state, process has stayed up for > than 1 seconds (startsecs)
2024-12-01 03:50:02,315 WARN received SIGQUIT indicating exit request
2024-12-01 03:50:02,315 INFO waiting for cron-job, laravel-worker_00, laravel-worker_01, php-fpm to die
2024-12-01 03:50:02,321 INFO stopped: php-fpm (exit status 0)
2024-12-01 03:50:02,324 WARN stopped: laravel-worker_00 (terminated by SIGTERM)
2024-12-01 03:50:02,324 WARN stopped: laravel-worker_01 (terminated by SIGTERM)
2024-12-01 03:50:02,325 WARN stopped: cron-job (terminated by SIGTERM)
2024-12-01 03:50:02,325 INFO reaped unknown pid 78 (exit status 0)
2024-12-01 03:50:02,325 INFO reaped unknown pid 79 (exit status 1)
2024-12-01 03:50:02,325 INFO reaped unknown pid 80 (exit status 1)
2024-12-01 03:53:14,568 CRIT Supervisor is running as root.  Privileges were not dropped because no user is specified in the config file.  If you intend to run as root, you can set user=root in the config file to avoid this message.
2024-12-01 03:53:14,568 INFO Included extra file "/etc/supervisor.d/cron.conf" during parsing
2024-12-01 03:53:14,568 INFO Included extra file "/etc/supervisor.d/php-fpm.conf" during parsing
2024-12-01 03:53:14,568 INFO Included extra file "/etc/supervisor.d/worker.conf" during parsing
2024-12-01 03:53:14,570 INFO supervisord started with pid 1
2024-12-01 03:53:15,572 INFO spawned: 'cron-job' with pid 10
2024-12-01 03:53:15,573 INFO spawned: 'laravel-worker_00' with pid 11
2024-12-01 03:53:15,575 INFO spawned: 'laravel-worker_01' with pid 12
2024-12-01 03:53:15,576 INFO spawned: 'php-fpm' with pid 13
2024-12-01 03:53:16,610 INFO success: cron-job entered RUNNING state, process has stayed up for > than 1 seconds (startsecs)
2024-12-01 03:53:16,610 INFO success: laravel-worker_00 entered RUNNING state, process has stayed up for > than 1 seconds (startsecs)
2024-12-01 03:53:16,610 INFO success: laravel-worker_01 entered RUNNING state, process has stayed up for > than 1 seconds (startsecs)
2024-12-01 03:53:16,610 INFO success: php-fpm entered RUNNING state, process has stayed up for > than 1 seconds (startsecs)
2024-12-01 03:54:40,776 WARN received SIGQUIT indicating exit request
2024-12-01 03:54:40,776 INFO waiting for cron-job, laravel-worker_00, laravel-worker_01, php-fpm to die
2024-12-01 03:54:40,782 INFO stopped: php-fpm (exit status 0)
2024-12-01 03:54:40,785 WARN stopped: laravel-worker_01 (terminated by SIGTERM)
2024-12-01 03:54:40,785 WARN stopped: laravel-worker_00 (terminated by SIGTERM)
2024-12-01 03:54:40,785 WARN stopped: cron-job (terminated by SIGTERM)
2024-12-01 04:00:38,764 CRIT Supervisor is running as root.  Privileges were not dropped because no user is specified in the config file.  If you intend to run as root, you can set user=root in the config file to avoid this message.
2024-12-01 04:00:38,764 INFO Included extra file "/etc/supervisor.d/cron.conf" during parsing
2024-12-01 04:00:38,764 INFO Included extra file "/etc/supervisor.d/php-fpm.conf" during parsing
2024-12-01 04:00:38,764 INFO Included extra file "/etc/supervisor.d/worker.conf" during parsing
2024-12-01 04:00:38,765 INFO supervisord started with pid 1
2024-12-01 04:00:39,768 INFO spawned: 'cron-job' with pid 10
2024-12-01 04:00:39,770 INFO spawned: 'laravel-worker_00' with pid 11
2024-12-01 04:00:39,771 INFO spawned: 'laravel-worker_01' with pid 12
2024-12-01 04:00:39,772 INFO spawned: 'php-fpm' with pid 13
2024-12-01 04:00:40,804 INFO success: cron-job entered RUNNING state, process has stayed up for > than 1 seconds (startsecs)
2024-12-01 04:00:40,804 INFO success: laravel-worker_00 entered RUNNING state, process has stayed up for > than 1 seconds (startsecs)
2024-12-01 04:00:40,804 INFO success: laravel-worker_01 entered RUNNING state, process has stayed up for > than 1 seconds (startsecs)
2024-12-01 04:00:40,804 INFO success: php-fpm entered RUNNING state, process has stayed up for > than 1 seconds (startsecs)
2024-12-01 04:01:07,546 WARN received SIGQUIT indicating exit request
2024-12-01 04:01:07,546 INFO waiting for cron-job, laravel-worker_00, laravel-worker_01, php-fpm to die
2024-12-01 04:01:07,553 INFO stopped: php-fpm (exit status 0)
2024-12-01 04:01:07,556 WARN stopped: laravel-worker_00 (terminated by SIGTERM)
2024-12-01 04:01:07,556 WARN stopped: laravel-worker_01 (terminated by SIGTERM)
2024-12-01 04:01:07,557 WARN stopped: cron-job (terminated by SIGTERM)
2024-12-01 04:01:07,557 INFO reaped unknown pid 22 (exit status 0)
2024-12-01 04:05:59,514 CRIT Supervisor is running as root.  Privileges were not dropped because no user is specified in the config file.  If you intend to run as root, you can set user=root in the config file to avoid this message.
2024-12-01 04:05:59,514 INFO Included extra file "/etc/supervisor.d/cron.default.conf" during parsing
2024-12-01 04:05:59,514 INFO Included extra file "/etc/supervisor.d/php-fpm.conf" during parsing
2024-12-01 04:05:59,515 INFO supervisord started with pid 1
2024-12-01 04:06:00,518 INFO spawned: 'cron-job' with pid 9
2024-12-01 04:06:00,520 INFO spawned: 'php-fpm' with pid 10
2024-12-01 04:06:01,553 INFO success: cron-job entered RUNNING state, process has stayed up for > than 1 seconds (startsecs)
2024-12-01 04:06:01,553 INFO success: php-fpm entered RUNNING state, process has stayed up for > than 1 seconds (startsecs)
2024-12-01 04:06:47,602 WARN received SIGQUIT indicating exit request
2024-12-01 04:06:47,602 INFO waiting for cron-job, php-fpm to die
2024-12-01 04:06:47,608 INFO stopped: php-fpm (exit status 0)
2024-12-01 04:06:47,608 WARN stopped: cron-job (terminated by SIGTERM)
2024-12-01 04:08:24,548 CRIT Supervisor is running as root.  Privileges were not dropped because no user is specified in the config file.  If you intend to run as root, you can set user=root in the config file to avoid this message.
2024-12-01 04:08:24,548 INFO Included extra file "/etc/supervisor.d/cron.conf" during parsing
2024-12-01 04:08:24,548 INFO Included extra file "/etc/supervisor.d/php-fpm.conf" during parsing
2024-12-01 04:08:24,548 INFO Included extra file "/etc/supervisor.d/worker.conf" during parsing
2024-12-01 04:08:24,551 INFO supervisord started with pid 1
2024-12-01 04:08:25,553 INFO spawned: 'cron-job' with pid 10
2024-12-01 04:08:25,554 INFO spawned: 'laravel-worker_00' with pid 11
2024-12-01 04:08:25,556 INFO spawned: 'laravel-worker_01' with pid 12
2024-12-01 04:08:25,557 INFO spawned: 'php-fpm' with pid 13
2024-12-01 04:08:26,963 INFO success: cron-job entered RUNNING state, process has stayed up for > than 1 seconds (startsecs)
2024-12-01 04:08:26,963 INFO success: laravel-worker_00 entered RUNNING state, process has stayed up for > than 1 seconds (startsecs)
2024-12-01 04:08:26,963 INFO success: laravel-worker_01 entered RUNNING state, process has stayed up for > than 1 seconds (startsecs)
2024-12-01 04:08:26,963 INFO success: php-fpm entered RUNNING state, process has stayed up for > than 1 seconds (startsecs)
2024-12-01 04:14:18,374 WARN received SIGQUIT indicating exit request
2024-12-01 04:14:18,374 INFO waiting for cron-job, laravel-worker_00, laravel-worker_01, php-fpm to die
2024-12-01 04:14:18,380 INFO stopped: php-fpm (exit status 0)
2024-12-01 04:14:18,383 WARN stopped: laravel-worker_00 (terminated by SIGTERM)
2024-12-01 04:14:18,383 WARN stopped: laravel-worker_01 (terminated by SIGTERM)
2024-12-01 04:14:18,384 WARN stopped: cron-job (terminated by SIGTERM)
2024-12-01 04:22:08,883 CRIT Supervisor is running as root.  Privileges were not dropped because no user is specified in the config file.  If you intend to run as root, you can set user=root in the config file to avoid this message.
2024-12-01 04:22:08,883 INFO Included extra file "/etc/supervisor.d/cron.conf" during parsing
2024-12-01 04:22:08,883 INFO Included extra file "/etc/supervisor.d/php-fpm.conf" during parsing
2024-12-01 04:22:08,883 INFO Included extra file "/etc/supervisor.d/worker.conf" during parsing
2024-12-01 04:22:08,885 INFO supervisord started with pid 1
2024-12-01 04:22:09,887 INFO spawned: 'cron-job' with pid 10
2024-12-01 04:22:09,888 INFO spawned: 'laravel-worker_00' with pid 11
2024-12-01 04:22:09,890 INFO spawned: 'laravel-worker_01' with pid 12
2024-12-01 04:22:09,891 INFO spawned: 'php-fpm' with pid 13
2024-12-01 04:22:10,015 WARN exited: laravel-worker_00 (exit status 1; not expected)
2024-12-01 04:22:10,015 WARN exited: laravel-worker_01 (exit status 1; not expected)
2024-12-01 04:22:11,017 INFO success: cron-job entered RUNNING state, process has stayed up for > than 1 seconds (startsecs)
2024-12-01 04:22:11,018 INFO spawned: 'laravel-worker_00' with pid 22
2024-12-01 04:22:11,020 INFO spawned: 'laravel-worker_01' with pid 23
2024-12-01 04:22:11,020 INFO success: php-fpm entered RUNNING state, process has stayed up for > than 1 seconds (startsecs)
2024-12-01 04:22:11,146 WARN exited: laravel-worker_00 (exit status 1; not expected)
2024-12-01 04:22:11,148 WARN exited: laravel-worker_01 (exit status 1; not expected)
2024-12-01 04:22:13,151 INFO spawned: 'laravel-worker_00' with pid 30
2024-12-01 04:22:13,152 INFO spawned: 'laravel-worker_01' with pid 31
2024-12-01 04:22:13,274 WARN exited: laravel-worker_00 (exit status 1; not expected)
2024-12-01 04:22:13,274 WARN exited: laravel-worker_01 (exit status 1; not expected)
2024-12-01 04:22:16,279 INFO spawned: 'laravel-worker_00' with pid 38
2024-12-01 04:22:16,280 INFO spawned: 'laravel-worker_01' with pid 39
2024-12-01 04:22:16,400 WARN exited: laravel-worker_01 (exit status 1; not expected)
2024-12-01 04:22:16,401 INFO gave up: laravel-worker_01 entered FATAL state, too many start retries too quickly
2024-12-01 04:22:16,401 WARN exited: laravel-worker_00 (exit status 1; not expected)
2024-12-01 04:22:17,402 INFO gave up: laravel-worker_00 entered FATAL state, too many start retries too quickly
2024-12-01 04:22:35,418 WARN received SIGQUIT indicating exit request
2024-12-01 04:22:35,419 INFO waiting for cron-job, php-fpm to die
2024-12-01 04:22:35,423 INFO stopped: php-fpm (exit status 0)
2024-12-01 04:22:36,424 WARN stopped: cron-job (terminated by SIGTERM)
2024-12-01 04:23:30,334 CRIT Supervisor is running as root.  Privileges were not dropped because no user is specified in the config file.  If you intend to run as root, you can set user=root in the config file to avoid this message.
2024-12-01 04:23:30,334 INFO Included extra file "/etc/supervisor.d/cron.conf" during parsing
2024-12-01 04:23:30,334 INFO Included extra file "/etc/supervisor.d/php-fpm.conf" during parsing
2024-12-01 04:23:30,334 INFO Included extra file "/etc/supervisor.d/worker.conf" during parsing
2024-12-01 04:23:30,337 INFO supervisord started with pid 1
2024-12-01 04:23:31,339 INFO spawned: 'cron-job' with pid 10
2024-12-01 04:23:31,341 INFO spawned: 'laravel-worker_00' with pid 11
2024-12-01 04:23:31,342 INFO spawned: 'laravel-worker_01' with pid 12
2024-12-01 04:23:31,343 INFO spawned: 'php-fpm' with pid 13
2024-12-01 04:23:32,377 INFO success: cron-job entered RUNNING state, process has stayed up for > than 1 seconds (startsecs)
2024-12-01 04:23:32,377 INFO success: laravel-worker_00 entered RUNNING state, process has stayed up for > than 1 seconds (startsecs)
2024-12-01 04:23:32,377 INFO success: laravel-worker_01 entered RUNNING state, process has stayed up for > than 1 seconds (startsecs)
2024-12-01 04:23:32,377 INFO success: php-fpm entered RUNNING state, process has stayed up for > than 1 seconds (startsecs)
2024-12-01 04:24:39,043 WARN received SIGQUIT indicating exit request
2024-12-01 04:24:39,043 INFO waiting for cron-job, laravel-worker_00, laravel-worker_01, php-fpm to die
2024-12-01 04:24:39,049 INFO stopped: php-fpm (exit status 0)
2024-12-01 04:24:39,052 WARN stopped: laravel-worker_00 (terminated by SIGTERM)
2024-12-01 04:24:39,052 WARN stopped: laravel-worker_01 (terminated by SIGTERM)
2024-12-01 04:24:39,052 WARN stopped: cron-job (terminated by SIGTERM)
2024-12-01 04:24:45,492 CRIT Supervisor is running as root.  Privileges were not dropped because no user is specified in the config file.  If you intend to run as root, you can set user=root in the config file to avoid this message.
2024-12-01 04:24:45,492 INFO Included extra file "/etc/supervisor.d/cron.conf" during parsing
2024-12-01 04:24:45,492 INFO Included extra file "/etc/supervisor.d/php-fpm.conf" during parsing
2024-12-01 04:24:45,492 INFO Included extra file "/etc/supervisor.d/worker.conf" during parsing
2024-12-01 04:24:45,494 INFO supervisord started with pid 1
2024-12-01 04:24:46,496 INFO spawned: 'cron-job' with pid 10
2024-12-01 04:24:46,498 INFO spawned: 'laravel-worker_00' with pid 11
2024-12-01 04:24:46,500 INFO spawned: 'laravel-worker_01' with pid 12
2024-12-01 04:24:46,502 INFO spawned: 'php-fpm' with pid 13
2024-12-01 04:24:47,540 INFO success: cron-job entered RUNNING state, process has stayed up for > than 1 seconds (startsecs)
2024-12-01 04:24:47,540 INFO success: laravel-worker_00 entered RUNNING state, process has stayed up for > than 1 seconds (startsecs)
2024-12-01 04:24:47,540 INFO success: laravel-worker_01 entered RUNNING state, process has stayed up for > than 1 seconds (startsecs)
2024-12-01 04:24:47,540 INFO success: php-fpm entered RUNNING state, process has stayed up for > than 1 seconds (startsecs)
2024-12-01 04:35:18,155 WARN received SIGQUIT indicating exit request
2024-12-01 04:35:18,161 INFO waiting for cron-job, laravel-worker_00, laravel-worker_01, php-fpm to die
2024-12-01 04:35:18,167 INFO stopped: php-fpm (exit status 0)
2024-12-01 04:35:18,170 WARN stopped: laravel-worker_00 (terminated by SIGTERM)
2024-12-01 04:35:18,170 WARN stopped: laravel-worker_01 (terminated by SIGTERM)
2024-12-01 04:35:18,171 WARN stopped: cron-job (terminated by SIGTERM)
2024-12-01 04:35:46,378 CRIT Supervisor is running as root.  Privileges were not dropped because no user is specified in the config file.  If you intend to run as root, you can set user=root in the config file to avoid this message.
2024-12-01 04:35:46,378 INFO Included extra file "/etc/supervisor.d/cron.conf" during parsing
2024-12-01 04:35:46,378 INFO Included extra file "/etc/supervisor.d/php-fpm.conf" during parsing
2024-12-01 04:35:46,379 INFO Included extra file "/etc/supervisor.d/worker.conf" during parsing
2024-12-01 04:35:46,381 INFO supervisord started with pid 1
2024-12-01 04:35:47,383 INFO spawned: 'cron-job' with pid 10
2024-12-01 04:35:47,384 INFO spawned: 'laravel-worker_00' with pid 11
2024-12-01 04:35:47,386 INFO spawned: 'laravel-worker_01' with pid 12
2024-12-01 04:35:47,387 INFO spawned: 'php-fpm' with pid 13
2024-12-01 04:35:48,421 INFO success: cron-job entered RUNNING state, process has stayed up for > than 1 seconds (startsecs)
2024-12-01 04:35:48,421 INFO success: laravel-worker_00 entered RUNNING state, process has stayed up for > than 1 seconds (startsecs)
2024-12-01 04:35:48,421 INFO success: laravel-worker_01 entered RUNNING state, process has stayed up for > than 1 seconds (startsecs)
2024-12-01 04:35:48,421 INFO success: php-fpm entered RUNNING state, process has stayed up for > than 1 seconds (startsecs)
2024-12-01 05:04:36,171 WARN received SIGQUIT indicating exit request
2024-12-01 05:04:36,171 INFO waiting for cron-job, laravel-worker_00, laravel-worker_01, php-fpm to die
2024-12-01 05:04:36,178 INFO stopped: php-fpm (exit status 0)
2024-12-01 05:04:36,181 WARN stopped: laravel-worker_00 (terminated by SIGTERM)
2024-12-01 05:04:36,181 WARN stopped: laravel-worker_01 (terminated by SIGTERM)
2024-12-01 05:04:36,181 WARN stopped: cron-job (terminated by SIGTERM)
2024-12-01 05:08:37,978 CRIT Supervisor is running as root.  Privileges were not dropped because no user is specified in the config file.  If you intend to run as root, you can set user=root in the config file to avoid this message.
2024-12-01 05:08:37,978 INFO Included extra file "/etc/supervisor.d/cron.conf" during parsing
2024-12-01 05:08:37,978 INFO Included extra file "/etc/supervisor.d/php-fpm.conf" during parsing
2024-12-01 05:08:37,979 INFO Included extra file "/etc/supervisor.d/worker.conf" during parsing
2024-12-01 05:08:37,980 INFO supervisord started with pid 1
2024-12-01 05:08:38,983 INFO spawned: 'cron-job' with pid 10
2024-12-01 05:08:38,984 INFO spawned: 'laravel-worker_00' with pid 11
2024-12-01 05:08:38,986 INFO spawned: 'laravel-worker_01' with pid 12
2024-12-01 05:08:38,987 INFO spawned: 'php-fpm' with pid 13
2024-12-01 05:08:40,021 INFO success: cron-job entered RUNNING state, process has stayed up for > than 1 seconds (startsecs)
2024-12-01 05:08:40,021 INFO success: laravel-worker_00 entered RUNNING state, process has stayed up for > than 1 seconds (startsecs)
2024-12-01 05:08:40,021 INFO success: laravel-worker_01 entered RUNNING state, process has stayed up for > than 1 seconds (startsecs)
2024-12-01 05:08:40,021 INFO success: php-fpm entered RUNNING state, process has stayed up for > than 1 seconds (startsecs)
2024-12-01 05:09:30,069 WARN received SIGQUIT indicating exit request
2024-12-01 05:09:30,074 INFO waiting for cron-job, laravel-worker_00, laravel-worker_01, php-fpm to die
2024-12-01 05:09:30,079 INFO stopped: php-fpm (exit status 0)
2024-12-01 05:09:30,082 WARN stopped: laravel-worker_01 (terminated by SIGTERM)
2024-12-01 05:09:31,083 WARN stopped: laravel-worker_00 (terminated by SIGTERM)
2024-12-01 05:09:31,083 WARN stopped: cron-job (terminated by SIGTERM)
2024-12-01 05:09:31,511 CRIT Supervisor is running as root.  Privileges were not dropped because no user is specified in the config file.  If you intend to run as root, you can set user=root in the config file to avoid this message.
2024-12-01 05:09:31,511 INFO Included extra file "/etc/supervisor.d/cron.conf" during parsing
2024-12-01 05:09:31,511 INFO Included extra file "/etc/supervisor.d/php-fpm.conf" during parsing
2024-12-01 05:09:31,511 INFO Included extra file "/etc/supervisor.d/worker.conf" during parsing
2024-12-01 05:09:31,513 INFO supervisord started with pid 1
2024-12-01 05:09:32,515 INFO spawned: 'cron-job' with pid 10
2024-12-01 05:09:32,517 INFO spawned: 'laravel-worker_00' with pid 11
2024-12-01 05:09:32,518 INFO spawned: 'laravel-worker_01' with pid 12
2024-12-01 05:09:32,519 INFO spawned: 'php-fpm' with pid 13
2024-12-01 05:09:33,551 INFO success: cron-job entered RUNNING state, process has stayed up for > than 1 seconds (startsecs)
2024-12-01 05:09:33,551 INFO success: laravel-worker_00 entered RUNNING state, process has stayed up for > than 1 seconds (startsecs)
2024-12-01 05:09:33,551 INFO success: laravel-worker_01 entered RUNNING state, process has stayed up for > than 1 seconds (startsecs)
2024-12-01 05:09:33,551 INFO success: php-fpm entered RUNNING state, process has stayed up for > than 1 seconds (startsecs)
2024-12-01 05:13:16,795 INFO reaped unknown pid 258 (exit status 0)
2024-12-01 05:15:25,385 INFO reaped unknown pid 316 (exit status 0)
2024-12-01 05:20:00,219 WARN received SIGQUIT indicating exit request
2024-12-01 05:20:00,221 INFO waiting for cron-job, laravel-worker_00, laravel-worker_01, php-fpm to die
2024-12-01 05:20:00,228 INFO stopped: php-fpm (exit status 0)
2024-12-01 05:20:00,233 WARN stopped: laravel-worker_00 (terminated by SIGTERM)
2024-12-01 05:20:00,233 WARN stopped: laravel-worker_01 (terminated by SIGTERM)
2024-12-01 05:20:00,233 WARN stopped: cron-job (terminated by SIGTERM)
2024-12-01 05:33:57,426 CRIT Supervisor is running as root.  Privileges were not dropped because no user is specified in the config file.  If you intend to run as root, you can set user=root in the config file to avoid this message.
2024-12-01 05:33:57,427 INFO Included extra file "/etc/supervisor.d/cron.conf" during parsing
2024-12-01 05:33:57,427 INFO Included extra file "/etc/supervisor.d/php-fpm.conf" during parsing
2024-12-01 05:33:57,427 INFO Included extra file "/etc/supervisor.d/worker.conf" during parsing
2024-12-01 05:33:57,431 INFO supervisord started with pid 1
2024-12-01 05:33:58,434 INFO spawned: 'cron-job' with pid 10
2024-12-01 05:33:58,436 INFO spawned: 'laravel-worker_00' with pid 11
2024-12-01 05:33:58,437 INFO spawned: 'laravel-worker_01' with pid 12
2024-12-01 05:33:58,439 INFO spawned: 'php-fpm' with pid 13
2024-12-01 05:33:59,517 INFO success: cron-job entered RUNNING state, process has stayed up for > than 1 seconds (startsecs)
2024-12-01 05:33:59,518 INFO success: laravel-worker_00 entered RUNNING state, process has stayed up for > than 1 seconds (startsecs)
2024-12-01 05:33:59,518 INFO success: laravel-worker_01 entered RUNNING state, process has stayed up for > than 1 seconds (startsecs)
2024-12-01 05:33:59,518 INFO success: php-fpm entered RUNNING state, process has stayed up for > than 1 seconds (startsecs)
2024-12-01 05:34:25,606 WARN received SIGQUIT indicating exit request
2024-12-01 05:34:25,606 INFO waiting for cron-job, laravel-worker_00, laravel-worker_01, php-fpm to die
2024-12-01 05:34:25,611 INFO stopped: php-fpm (exit status 0)
2024-12-01 05:34:25,614 WARN stopped: laravel-worker_00 (terminated by SIGTERM)
2024-12-01 05:34:25,614 WARN stopped: laravel-worker_01 (terminated by SIGTERM)
2024-12-01 05:34:25,615 WARN stopped: cron-job (terminated by SIGTERM)
2024-12-01 05:34:32,307 CRIT Supervisor is running as root.  Privileges were not dropped because no user is specified in the config file.  If you intend to run as root, you can set user=root in the config file to avoid this message.
2024-12-01 05:34:32,307 INFO Included extra file "/etc/supervisor.d/cron.conf" during parsing
2024-12-01 05:34:32,307 INFO Included extra file "/etc/supervisor.d/php-fpm.conf" during parsing
2024-12-01 05:34:32,307 INFO Included extra file "/etc/supervisor.d/worker.conf" during parsing
2024-12-01 05:34:32,309 INFO supervisord started with pid 1
2024-12-01 05:34:33,311 INFO spawned: 'cron-job' with pid 10
2024-12-01 05:34:33,312 INFO spawned: 'laravel-worker_00' with pid 11
2024-12-01 05:34:33,314 INFO spawned: 'laravel-worker_01' with pid 12
2024-12-01 05:34:33,315 INFO spawned: 'php-fpm' with pid 13
2024-12-01 05:34:34,347 INFO success: cron-job entered RUNNING state, process has stayed up for > than 1 seconds (startsecs)
2024-12-01 05:34:34,348 INFO success: laravel-worker_00 entered RUNNING state, process has stayed up for > than 1 seconds (startsecs)
2024-12-01 05:34:34,348 INFO success: laravel-worker_01 entered RUNNING state, process has stayed up for > than 1 seconds (startsecs)
2024-12-01 05:34:34,348 INFO success: php-fpm entered RUNNING state, process has stayed up for > than 1 seconds (startsecs)
2024-12-01 05:35:39,901 INFO reaped unknown pid 53 (exit status 0)
2024-12-01 05:37:36,321 WARN received SIGQUIT indicating exit request
2024-12-01 05:37:36,322 INFO waiting for cron-job, laravel-worker_00, laravel-worker_01, php-fpm to die
2024-12-01 05:37:36,328 INFO stopped: php-fpm (exit status 0)
2024-12-01 05:37:36,331 WARN stopped: laravel-worker_01 (terminated by SIGTERM)
2024-12-01 05:37:36,331 WARN stopped: laravel-worker_00 (terminated by SIGTERM)
2024-12-01 05:37:36,332 WARN stopped: cron-job (terminated by SIGTERM)
2024-12-01 05:47:39,678 CRIT Supervisor is running as root.  Privileges were not dropped because no user is specified in the config file.  If you intend to run as root, you can set user=root in the config file to avoid this message.
2024-12-01 05:47:39,678 INFO Included extra file "/etc/supervisor.d/cron.conf" during parsing
2024-12-01 05:47:39,678 INFO Included extra file "/etc/supervisor.d/php-fpm.conf" during parsing
2024-12-01 05:47:39,678 INFO Included extra file "/etc/supervisor.d/worker.conf" during parsing
2024-12-01 05:47:39,680 INFO supervisord started with pid 1
2024-12-01 05:47:40,682 INFO spawned: 'cron-job' with pid 10
2024-12-01 05:47:40,683 INFO spawned: 'laravel-worker_00' with pid 11
2024-12-01 05:47:40,685 INFO spawned: 'laravel-worker_01' with pid 12
2024-12-01 05:47:40,686 INFO spawned: 'php-fpm' with pid 13
2024-12-01 05:47:41,717 INFO success: cron-job entered RUNNING state, process has stayed up for > than 1 seconds (startsecs)
2024-12-01 05:47:41,717 INFO success: laravel-worker_00 entered RUNNING state, process has stayed up for > than 1 seconds (startsecs)
2024-12-01 05:47:41,717 INFO success: laravel-worker_01 entered RUNNING state, process has stayed up for > than 1 seconds (startsecs)
2024-12-01 05:47:41,717 INFO success: php-fpm entered RUNNING state, process has stayed up for > than 1 seconds (startsecs)
2024-12-01 05:57:29,543 WARN received SIGQUIT indicating exit request
2024-12-01 05:57:29,543 INFO waiting for cron-job, laravel-worker_00, laravel-worker_01, php-fpm to die
2024-12-01 05:57:29,549 INFO stopped: php-fpm (exit status 0)
2024-12-01 05:57:29,551 WARN stopped: laravel-worker_00 (terminated by SIGTERM)
2024-12-01 05:57:29,552 WARN stopped: laravel-worker_01 (terminated by SIGTERM)
2024-12-01 05:57:29,552 WARN stopped: cron-job (terminated by SIGTERM)
2024-12-01 05:57:53,337 CRIT Supervisor is running as root.  Privileges were not dropped because no user is specified in the config file.  If you intend to run as root, you can set user=root in the config file to avoid this message.
2024-12-01 05:57:53,337 INFO Included extra file "/etc/supervisor.d/cron.conf" during parsing
2024-12-01 05:57:53,337 INFO Included extra file "/etc/supervisor.d/php-fpm.conf" during parsing
2024-12-01 05:57:53,337 INFO Included extra file "/etc/supervisor.d/worker.conf" during parsing
2024-12-01 05:57:53,339 INFO supervisord started with pid 1
2024-12-01 05:57:54,341 INFO spawned: 'cron-job' with pid 10
2024-12-01 05:57:54,342 INFO spawned: 'laravel-worker_00' with pid 11
2024-12-01 05:57:54,344 INFO spawned: 'laravel-worker_01' with pid 12
2024-12-01 05:57:54,345 INFO spawned: 'php-fpm' with pid 13
2024-12-01 05:57:55,377 INFO success: cron-job entered RUNNING state, process has stayed up for > than 1 seconds (startsecs)
2024-12-01 05:57:55,377 INFO success: laravel-worker_00 entered RUNNING state, process has stayed up for > than 1 seconds (startsecs)
2024-12-01 05:57:55,377 INFO success: laravel-worker_01 entered RUNNING state, process has stayed up for > than 1 seconds (startsecs)
2024-12-01 05:57:55,377 INFO success: php-fpm entered RUNNING state, process has stayed up for > than 1 seconds (startsecs)
2024-12-01 06:01:50,076 WARN received SIGQUIT indicating exit request
2024-12-01 06:01:50,076 INFO waiting for cron-job, laravel-worker_00, laravel-worker_01, php-fpm to die
2024-12-01 06:01:50,082 INFO stopped: php-fpm (exit status 0)
2024-12-01 06:01:50,085 WARN stopped: laravel-worker_01 (terminated by SIGTERM)
2024-12-01 06:01:50,085 WARN stopped: laravel-worker_00 (terminated by SIGTERM)
2024-12-01 06:01:50,085 WARN stopped: cron-job (terminated by SIGTERM)
2024-12-01 06:02:23,666 CRIT Supervisor is running as root.  Privileges were not dropped because no user is specified in the config file.  If you intend to run as root, you can set user=root in the config file to avoid this message.
2024-12-01 06:02:23,666 INFO Included extra file "/etc/supervisor.d/cron.conf" during parsing
2024-12-01 06:02:23,666 INFO Included extra file "/etc/supervisor.d/php-fpm.conf" during parsing
2024-12-01 06:02:23,666 INFO Included extra file "/etc/supervisor.d/worker.conf" during parsing
2024-12-01 06:02:23,668 INFO supervisord started with pid 1
2024-12-01 06:02:24,671 INFO spawned: 'cron-job' with pid 10
2024-12-01 06:02:24,672 INFO spawned: 'laravel-worker_00' with pid 11
2024-12-01 06:02:24,674 INFO spawned: 'laravel-worker_01' with pid 12
2024-12-01 06:02:24,675 INFO spawned: 'php-fpm' with pid 13
2024-12-01 06:02:25,707 INFO success: cron-job entered RUNNING state, process has stayed up for > than 1 seconds (startsecs)
2024-12-01 06:02:25,707 INFO success: laravel-worker_00 entered RUNNING state, process has stayed up for > than 1 seconds (startsecs)
2024-12-01 06:02:25,707 INFO success: laravel-worker_01 entered RUNNING state, process has stayed up for > than 1 seconds (startsecs)
2024-12-01 06:02:25,707 INFO success: php-fpm entered RUNNING state, process has stayed up for > than 1 seconds (startsecs)
2024-12-01 06:08:41,086 WARN received SIGQUIT indicating exit request
2024-12-01 06:08:41,086 INFO waiting for cron-job, laravel-worker_00, laravel-worker_01, php-fpm to die
2024-12-01 06:08:41,090 INFO stopped: php-fpm (exit status 0)
2024-12-01 06:08:41,093 WARN stopped: laravel-worker_01 (terminated by SIGTERM)
2024-12-01 06:08:41,094 WARN stopped: laravel-worker_00 (terminated by SIGTERM)
2024-12-01 06:08:41,094 WARN stopped: cron-job (terminated by SIGTERM)
2024-12-01 06:08:59,496 CRIT Supervisor is running as root.  Privileges were not dropped because no user is specified in the config file.  If you intend to run as root, you can set user=root in the config file to avoid this message.
2024-12-01 06:08:59,496 INFO Included extra file "/etc/supervisor.d/cron.conf" during parsing
2024-12-01 06:08:59,496 INFO Included extra file "/etc/supervisor.d/php-fpm.conf" during parsing
2024-12-01 06:08:59,496 INFO Included extra file "/etc/supervisor.d/worker.conf" during parsing
2024-12-01 06:08:59,498 INFO supervisord started with pid 1
2024-12-01 06:09:00,500 INFO spawned: 'cron-job' with pid 10
2024-12-01 06:09:00,502 INFO spawned: 'laravel-worker_00' with pid 11
2024-12-01 06:09:00,503 INFO spawned: 'laravel-worker_01' with pid 12
2024-12-01 06:09:00,504 INFO spawned: 'php-fpm' with pid 13
2024-12-01 06:09:01,536 INFO success: cron-job entered RUNNING state, process has stayed up for > than 1 seconds (startsecs)
2024-12-01 06:09:01,536 INFO success: laravel-worker_00 entered RUNNING state, process has stayed up for > than 1 seconds (startsecs)
2024-12-01 06:09:01,536 INFO success: laravel-worker_01 entered RUNNING state, process has stayed up for > than 1 seconds (startsecs)
2024-12-01 06:09:01,536 INFO success: php-fpm entered RUNNING state, process has stayed up for > than 1 seconds (startsecs)
2024-12-01 06:11:31,710 WARN received SIGQUIT indicating exit request
2024-12-01 06:11:31,710 INFO waiting for cron-job, laravel-worker_00, laravel-worker_01, php-fpm to die
2024-12-01 06:11:31,714 INFO stopped: php-fpm (exit status 0)
2024-12-01 06:11:31,717 WARN stopped: laravel-worker_01 (terminated by SIGTERM)
2024-12-01 06:11:31,717 WARN stopped: laravel-worker_00 (terminated by SIGTERM)
2024-12-01 06:11:31,718 WARN stopped: cron-job (terminated by SIGTERM)
2024-12-01 06:11:49,856 CRIT Supervisor is running as root.  Privileges were not dropped because no user is specified in the config file.  If you intend to run as root, you can set user=root in the config file to avoid this message.
2024-12-01 06:11:49,857 INFO Included extra file "/etc/supervisor.d/cron.conf" during parsing
2024-12-01 06:11:49,857 INFO Included extra file "/etc/supervisor.d/php-fpm.conf" during parsing
2024-12-01 06:11:49,857 INFO Included extra file "/etc/supervisor.d/worker.conf" during parsing
2024-12-01 06:11:49,858 INFO supervisord started with pid 1
2024-12-01 06:11:50,861 INFO spawned: 'cron-job' with pid 10
2024-12-01 06:11:50,863 INFO spawned: 'laravel-worker_00' with pid 11
2024-12-01 06:11:50,864 INFO spawned: 'laravel-worker_01' with pid 12
2024-12-01 06:11:50,865 INFO spawned: 'php-fpm' with pid 13
2024-12-01 06:11:51,897 INFO success: cron-job entered RUNNING state, process has stayed up for > than 1 seconds (startsecs)
2024-12-01 06:11:51,897 INFO success: laravel-worker_00 entered RUNNING state, process has stayed up for > than 1 seconds (startsecs)
2024-12-01 06:11:51,897 INFO success: laravel-worker_01 entered RUNNING state, process has stayed up for > than 1 seconds (startsecs)
2024-12-01 06:11:51,897 INFO success: php-fpm entered RUNNING state, process has stayed up for > than 1 seconds (startsecs)
2024-12-01 06:20:17,297 WARN received SIGQUIT indicating exit request
2024-12-01 06:20:17,297 INFO waiting for cron-job, laravel-worker_00, laravel-worker_01, php-fpm to die
2024-12-01 06:20:17,303 INFO stopped: php-fpm (exit status 0)
2024-12-01 06:20:17,307 WARN stopped: laravel-worker_00 (terminated by SIGTERM)
2024-12-01 06:20:17,307 WARN stopped: laravel-worker_01 (terminated by SIGTERM)
2024-12-01 06:20:17,307 WARN stopped: cron-job (terminated by SIGTERM)
2024-12-01 06:22:13,387 CRIT Supervisor is running as root.  Privileges were not dropped because no user is specified in the config file.  If you intend to run as root, you can set user=root in the config file to avoid this message.
2024-12-01 06:22:13,387 INFO Included extra file "/etc/supervisor.d/cron.conf" during parsing
2024-12-01 06:22:13,387 INFO Included extra file "/etc/supervisor.d/php-fpm.conf" during parsing
2024-12-01 06:22:13,387 INFO Included extra file "/etc/supervisor.d/worker.conf" during parsing
2024-12-01 06:22:13,389 INFO supervisord started with pid 1
2024-12-01 06:22:14,391 INFO spawned: 'cron-job' with pid 10
2024-12-01 06:22:14,392 INFO spawned: 'laravel-worker_00' with pid 11
2024-12-01 06:22:14,394 INFO spawned: 'laravel-worker_01' with pid 12
2024-12-01 06:22:14,395 INFO spawned: 'php-fpm' with pid 13
2024-12-01 06:22:15,428 INFO success: cron-job entered RUNNING state, process has stayed up for > than 1 seconds (startsecs)
2024-12-01 06:22:15,428 INFO success: laravel-worker_00 entered RUNNING state, process has stayed up for > than 1 seconds (startsecs)
2024-12-01 06:22:15,428 INFO success: laravel-worker_01 entered RUNNING state, process has stayed up for > than 1 seconds (startsecs)
2024-12-01 06:22:15,428 INFO success: php-fpm entered RUNNING state, process has stayed up for > than 1 seconds (startsecs)
2024-12-01 06:31:49,119 WARN received SIGQUIT indicating exit request
2024-12-01 06:31:49,119 INFO waiting for cron-job, laravel-worker_00, laravel-worker_01, php-fpm to die
2024-12-01 06:31:49,124 INFO stopped: php-fpm (exit status 0)
2024-12-01 06:31:49,127 WARN stopped: laravel-worker_00 (terminated by SIGTERM)
2024-12-01 06:31:49,128 WARN stopped: laravel-worker_01 (terminated by SIGTERM)
2024-12-01 06:31:49,128 WARN stopped: cron-job (terminated by SIGTERM)
2024-12-01 06:32:36,219 CRIT Supervisor is running as root.  Privileges were not dropped because no user is specified in the config file.  If you intend to run as root, you can set user=root in the config file to avoid this message.
2024-12-01 06:32:36,219 INFO Included extra file "/etc/supervisor.d/cron.conf" during parsing
2024-12-01 06:32:36,219 INFO Included extra file "/etc/supervisor.d/php-fpm.conf" during parsing
2024-12-01 06:32:36,219 INFO Included extra file "/etc/supervisor.d/worker.conf" during parsing
2024-12-01 06:32:36,221 INFO supervisord started with pid 1
2024-12-01 06:32:37,223 INFO spawned: 'cron-job' with pid 10
2024-12-01 06:32:37,225 INFO spawned: 'laravel-worker_00' with pid 11
2024-12-01 06:32:37,226 INFO spawned: 'laravel-worker_01' with pid 12
2024-12-01 06:32:37,227 INFO spawned: 'php-fpm' with pid 13
2024-12-01 06:32:38,259 INFO success: cron-job entered RUNNING state, process has stayed up for > than 1 seconds (startsecs)
2024-12-01 06:32:38,259 INFO success: laravel-worker_00 entered RUNNING state, process has stayed up for > than 1 seconds (startsecs)
2024-12-01 06:32:38,259 INFO success: laravel-worker_01 entered RUNNING state, process has stayed up for > than 1 seconds (startsecs)
2024-12-01 06:32:38,259 INFO success: php-fpm entered RUNNING state, process has stayed up for > than 1 seconds (startsecs)
2024-12-01 06:36:15,016 WARN received SIGQUIT indicating exit request
2024-12-01 06:36:15,016 INFO waiting for cron-job, laravel-worker_00, laravel-worker_01, php-fpm to die
2024-12-01 06:36:15,021 INFO stopped: php-fpm (exit status 0)
2024-12-01 06:36:15,024 WARN stopped: laravel-worker_01 (terminated by SIGTERM)
2024-12-01 06:36:15,024 WARN stopped: laravel-worker_00 (terminated by SIGTERM)
2024-12-01 06:36:15,025 WARN stopped: cron-job (terminated by SIGTERM)
2024-12-01 06:40:12,353 CRIT Supervisor is running as root.  Privileges were not dropped because no user is specified in the config file.  If you intend to run as root, you can set user=root in the config file to avoid this message.
2024-12-01 06:40:12,353 INFO Included extra file "/etc/supervisor.d/cron.conf" during parsing
2024-12-01 06:40:12,353 INFO Included extra file "/etc/supervisor.d/php-fpm.conf" during parsing
2024-12-01 06:40:12,353 INFO Included extra file "/etc/supervisor.d/worker.conf" during parsing
2024-12-01 06:40:12,355 INFO supervisord started with pid 1
2024-12-01 06:40:13,357 INFO spawned: 'cron-job' with pid 10
2024-12-01 06:40:13,359 INFO spawned: 'laravel-worker_00' with pid 11
2024-12-01 06:40:13,360 INFO spawned: 'laravel-worker_01' with pid 12
2024-12-01 06:40:13,361 INFO spawned: 'php-fpm' with pid 13
2024-12-01 06:40:14,392 INFO success: cron-job entered RUNNING state, process has stayed up for > than 1 seconds (startsecs)
2024-12-01 06:40:14,392 INFO success: laravel-worker_00 entered RUNNING state, process has stayed up for > than 1 seconds (startsecs)
2024-12-01 06:40:14,392 INFO success: laravel-worker_01 entered RUNNING state, process has stayed up for > than 1 seconds (startsecs)
2024-12-01 06:40:14,393 INFO success: php-fpm entered RUNNING state, process has stayed up for > than 1 seconds (startsecs)
2024-12-01 06:43:37,294 WARN received SIGQUIT indicating exit request
2024-12-01 06:43:37,295 INFO waiting for cron-job, laravel-worker_00, laravel-worker_01, php-fpm to die
2024-12-01 06:43:37,300 INFO stopped: php-fpm (exit status 0)
2024-12-01 06:43:37,303 WARN stopped: laravel-worker_01 (terminated by SIGTERM)
2024-12-01 06:43:37,303 WARN stopped: laravel-worker_00 (terminated by SIGTERM)
2024-12-01 06:43:37,304 WARN stopped: cron-job (terminated by SIGTERM)
2024-12-01 06:43:44,316 CRIT Supervisor is running as root.  Privileges were not dropped because no user is specified in the config file.  If you intend to run as root, you can set user=root in the config file to avoid this message.
2024-12-01 06:43:44,316 INFO Included extra file "/etc/supervisor.d/cron.conf" during parsing
2024-12-01 06:43:44,316 INFO Included extra file "/etc/supervisor.d/php-fpm.conf" during parsing
2024-12-01 06:43:44,316 INFO Included extra file "/etc/supervisor.d/worker.conf" during parsing
2024-12-01 06:43:44,317 INFO supervisord started with pid 1
2024-12-01 06:43:45,319 INFO spawned: 'cron-job' with pid 10
2024-12-01 06:43:45,320 INFO spawned: 'laravel-worker_00' with pid 11
2024-12-01 06:43:45,321 INFO spawned: 'laravel-worker_01' with pid 12
2024-12-01 06:43:45,323 INFO spawned: 'php-fpm' with pid 13
2024-12-01 06:43:46,355 INFO success: cron-job entered RUNNING state, process has stayed up for > than 1 seconds (startsecs)
2024-12-01 06:43:46,355 INFO success: laravel-worker_00 entered RUNNING state, process has stayed up for > than 1 seconds (startsecs)
2024-12-01 06:43:46,355 INFO success: laravel-worker_01 entered RUNNING state, process has stayed up for > than 1 seconds (startsecs)
2024-12-01 06:43:46,355 INFO success: php-fpm entered RUNNING state, process has stayed up for > than 1 seconds (startsecs)
2024-12-01 06:44:54,863 WARN received SIGQUIT indicating exit request
2024-12-01 06:44:54,863 INFO waiting for cron-job, laravel-worker_00, laravel-worker_01, php-fpm to die
2024-12-01 06:44:54,868 INFO stopped: php-fpm (exit status 0)
2024-12-01 06:44:54,871 WARN stopped: laravel-worker_00 (terminated by SIGTERM)
2024-12-01 06:44:54,871 WARN stopped: laravel-worker_01 (terminated by SIGTERM)
2024-12-01 06:44:54,871 WARN stopped: cron-job (terminated by SIGTERM)
2024-12-01 06:45:14,965 CRIT Supervisor is running as root.  Privileges were not dropped because no user is specified in the config file.  If you intend to run as root, you can set user=root in the config file to avoid this message.
2024-12-01 06:45:14,965 INFO Included extra file "/etc/supervisor.d/cron.conf" during parsing
2024-12-01 06:45:14,965 INFO Included extra file "/etc/supervisor.d/php-fpm.conf" during parsing
2024-12-01 06:45:14,965 INFO Included extra file "/etc/supervisor.d/worker.conf" during parsing
2024-12-01 06:45:14,967 INFO supervisord started with pid 1
2024-12-01 06:45:15,970 INFO spawned: 'cron-job' with pid 10
2024-12-01 06:45:15,971 INFO spawned: 'laravel-worker_00' with pid 11
2024-12-01 06:45:15,972 INFO spawned: 'laravel-worker_01' with pid 12
2024-12-01 06:45:15,973 INFO spawned: 'php-fpm' with pid 13
2024-12-01 06:45:17,005 INFO success: cron-job entered RUNNING state, process has stayed up for > than 1 seconds (startsecs)
2024-12-01 06:45:17,005 INFO success: laravel-worker_00 entered RUNNING state, process has stayed up for > than 1 seconds (startsecs)
2024-12-01 06:45:17,005 INFO success: laravel-worker_01 entered RUNNING state, process has stayed up for > than 1 seconds (startsecs)
2024-12-01 06:45:17,005 INFO success: php-fpm entered RUNNING state, process has stayed up for > than 1 seconds (startsecs)
2024-12-01 06:49:26,309 WARN received SIGQUIT indicating exit request
2024-12-01 06:49:26,309 INFO waiting for cron-job, laravel-worker_00, laravel-worker_01, php-fpm to die
2024-12-01 06:49:26,313 INFO stopped: php-fpm (exit status 0)
2024-12-01 06:49:26,316 WARN stopped: laravel-worker_01 (terminated by SIGTERM)
2024-12-01 06:49:26,316 WARN stopped: laravel-worker_00 (terminated by SIGTERM)
2024-12-01 06:49:26,316 WARN stopped: cron-job (terminated by SIGTERM)
2024-12-01 06:50:00,393 CRIT Supervisor is running as root.  Privileges were not dropped because no user is specified in the config file.  If you intend to run as root, you can set user=root in the config file to avoid this message.
2024-12-01 06:50:00,393 INFO Included extra file "/etc/supervisor.d/cron.conf" during parsing
2024-12-01 06:50:00,393 INFO Included extra file "/etc/supervisor.d/php-fpm.conf" during parsing
2024-12-01 06:50:00,393 INFO Included extra file "/etc/supervisor.d/worker.conf" during parsing
2024-12-01 06:50:00,394 INFO supervisord started with pid 1
2024-12-01 06:50:01,396 INFO spawned: 'cron-job' with pid 10
2024-12-01 06:50:01,398 INFO spawned: 'laravel-worker_00' with pid 11
2024-12-01 06:50:01,399 INFO spawned: 'laravel-worker_01' with pid 12
2024-12-01 06:50:01,400 INFO spawned: 'php-fpm' with pid 13
2024-12-01 06:50:02,431 INFO success: cron-job entered RUNNING state, process has stayed up for > than 1 seconds (startsecs)
2024-12-01 06:50:02,431 INFO success: laravel-worker_00 entered RUNNING state, process has stayed up for > than 1 seconds (startsecs)
2024-12-01 06:50:02,431 INFO success: laravel-worker_01 entered RUNNING state, process has stayed up for > than 1 seconds (startsecs)
2024-12-01 06:50:02,431 INFO success: php-fpm entered RUNNING state, process has stayed up for > than 1 seconds (startsecs)
2024-12-01 06:56:35,195 WARN received SIGQUIT indicating exit request
2024-12-01 06:56:35,195 INFO waiting for cron-job, laravel-worker_00, laravel-worker_01, php-fpm to die
2024-12-01 06:56:35,202 INFO stopped: php-fpm (exit status 0)
2024-12-01 06:56:35,205 WARN stopped: laravel-worker_00 (terminated by SIGTERM)
2024-12-01 06:56:35,205 WARN stopped: laravel-worker_01 (terminated by SIGTERM)
2024-12-01 06:56:35,206 WARN stopped: cron-job (terminated by SIGTERM)
2024-12-01 06:56:42,496 CRIT Supervisor is running as root.  Privileges were not dropped because no user is specified in the config file.  If you intend to run as root, you can set user=root in the config file to avoid this message.
2024-12-01 06:56:42,496 INFO Included extra file "/etc/supervisor.d/cron.conf" during parsing
2024-12-01 06:56:42,496 INFO Included extra file "/etc/supervisor.d/php-fpm.conf" during parsing
2024-12-01 06:56:42,496 INFO Included extra file "/etc/supervisor.d/worker.conf" during parsing
2024-12-01 06:56:42,499 INFO supervisord started with pid 1
2024-12-01 06:56:43,501 INFO spawned: 'cron-job' with pid 10
2024-12-01 06:56:43,503 INFO spawned: 'laravel-worker_00' with pid 11
2024-12-01 06:56:43,504 INFO spawned: 'laravel-worker_01' with pid 12
2024-12-01 06:56:43,506 INFO spawned: 'php-fpm' with pid 13
2024-12-01 06:56:44,541 INFO success: cron-job entered RUNNING state, process has stayed up for > than 1 seconds (startsecs)
2024-12-01 06:56:44,541 INFO success: laravel-worker_00 entered RUNNING state, process has stayed up for > than 1 seconds (startsecs)
2024-12-01 06:56:44,541 INFO success: laravel-worker_01 entered RUNNING state, process has stayed up for > than 1 seconds (startsecs)
2024-12-01 06:56:44,541 INFO success: php-fpm entered RUNNING state, process has stayed up for > than 1 seconds (startsecs)
2024-12-01 08:27:38,859 WARN received SIGQUIT indicating exit request
2024-12-01 08:27:38,865 INFO waiting for cron-job, laravel-worker_00, laravel-worker_01, php-fpm to die
2024-12-01 08:27:38,872 INFO stopped: php-fpm (exit status 0)
2024-12-01 08:27:38,875 WARN stopped: laravel-worker_00 (terminated by SIGTERM)
2024-12-01 08:27:38,875 WARN stopped: laravel-worker_01 (terminated by SIGTERM)
2024-12-01 08:27:38,876 WARN stopped: cron-job (terminated by SIGTERM)
2024-12-01 08:29:00,610 CRIT Supervisor is running as root.  Privileges were not dropped because no user is specified in the config file.  If you intend to run as root, you can set user=root in the config file to avoid this message.
2024-12-01 08:29:00,610 INFO Included extra file "/etc/supervisor.d/cron.conf" during parsing
2024-12-01 08:29:00,610 INFO Included extra file "/etc/supervisor.d/php-fpm.conf" during parsing
2024-12-01 08:29:00,610 INFO Included extra file "/etc/supervisor.d/worker.conf" during parsing
2024-12-01 08:29:00,613 INFO supervisord started with pid 1
2024-12-01 08:29:01,615 INFO spawned: 'cron-job' with pid 10
2024-12-01 08:29:01,617 INFO spawned: 'laravel-worker_00' with pid 11
2024-12-01 08:29:01,618 INFO spawned: 'laravel-worker_01' with pid 12
2024-12-01 08:29:01,619 INFO spawned: 'php-fpm' with pid 13
2024-12-01 08:29:02,659 INFO success: cron-job entered RUNNING state, process has stayed up for > than 1 seconds (startsecs)
2024-12-01 08:29:02,660 INFO success: laravel-worker_00 entered RUNNING state, process has stayed up for > than 1 seconds (startsecs)
2024-12-01 08:29:02,660 INFO success: laravel-worker_01 entered RUNNING state, process has stayed up for > than 1 seconds (startsecs)
2024-12-01 08:29:02,660 INFO success: php-fpm entered RUNNING state, process has stayed up for > than 1 seconds (startsecs)
2024-12-01 08:39:50,575 INFO reaped unknown pid 103 (exit status 0)
2024-12-01 09:09:26,759 WARN received SIGQUIT indicating exit request
2024-12-01 09:09:26,765 INFO waiting for cron-job, laravel-worker_00, laravel-worker_01, php-fpm to die
2024-12-01 09:09:26,771 INFO stopped: php-fpm (exit status 0)
2024-12-01 09:09:26,774 WARN stopped: laravel-worker_00 (terminated by SIGTERM)
2024-12-01 09:09:26,774 WARN stopped: laravel-worker_01 (terminated by SIGTERM)
2024-12-01 09:09:26,774 WARN stopped: cron-job (terminated by SIGTERM)
2024-12-01 09:35:02,274 CRIT Supervisor is running as root.  Privileges were not dropped because no user is specified in the config file.  If you intend to run as root, you can set user=root in the config file to avoid this message.
2024-12-01 09:35:02,274 INFO Included extra file "/etc/supervisor.d/cron.conf" during parsing
2024-12-01 09:35:02,274 INFO Included extra file "/etc/supervisor.d/php-fpm.conf" during parsing
2024-12-01 09:35:02,274 INFO Included extra file "/etc/supervisor.d/worker.conf" during parsing
2024-12-01 09:35:02,276 INFO supervisord started with pid 1
2024-12-01 09:35:03,278 INFO spawned: 'cron-job' with pid 10
2024-12-01 09:35:03,280 INFO spawned: 'laravel-worker_00' with pid 11
2024-12-01 09:35:03,281 INFO spawned: 'laravel-worker_01' with pid 12
2024-12-01 09:35:03,282 INFO spawned: 'php-fpm' with pid 13
2024-12-01 09:35:05,182 INFO success: cron-job entered RUNNING state, process has stayed up for > than 1 seconds (startsecs)
2024-12-01 09:35:05,182 INFO success: laravel-worker_00 entered RUNNING state, process has stayed up for > than 1 seconds (startsecs)
2024-12-01 09:35:05,182 INFO success: laravel-worker_01 entered RUNNING state, process has stayed up for > than 1 seconds (startsecs)
2024-12-01 09:35:05,182 INFO success: php-fpm entered RUNNING state, process has stayed up for > than 1 seconds (startsecs)
2024-12-01 11:31:49,350 INFO reaped unknown pid 408 (exit status 0)
2024-12-01 11:40:30,451 INFO reaped unknown pid 477 (exit status 0)
2024-12-01 11:41:11,491 INFO reaped unknown pid 516 (exit status 0)
2024-12-01 11:42:03,617 INFO reaped unknown pid 560 (exit status 0)
2024-12-01 12:10:15,596 INFO reaped unknown pid 788 (exit status 0)
2024-12-01 12:11:38,898 WARN received SIGQUIT indicating exit request
2024-12-01 12:11:38,900 INFO waiting for cron-job, laravel-worker_00, laravel-worker_01, php-fpm to die
2024-12-01 12:11:38,910 INFO stopped: php-fpm (exit status 0)
2024-12-01 12:11:38,914 WARN stopped: laravel-worker_01 (terminated by SIGTERM)
2024-12-01 12:11:38,914 WARN stopped: laravel-worker_00 (terminated by SIGTERM)
2024-12-01 12:11:38,915 WARN stopped: cron-job (terminated by SIGTERM)
2024-12-01 15:39:33,082 CRIT Supervisor is running as root.  Privileges were not dropped because no user is specified in the config file.  If you intend to run as root, you can set user=root in the config file to avoid this message.
2024-12-01 15:39:33,082 INFO Included extra file "/etc/supervisor.d/cron.conf" during parsing
2024-12-01 15:39:33,082 INFO Included extra file "/etc/supervisor.d/php-fpm.conf" during parsing
2024-12-01 15:39:33,082 INFO Included extra file "/etc/supervisor.d/worker.conf" during parsing
2024-12-01 15:39:33,086 INFO supervisord started with pid 1
2024-12-01 15:39:34,088 INFO spawned: 'cron-job' with pid 10
2024-12-01 15:39:34,090 INFO spawned: 'laravel-worker_00' with pid 11
2024-12-01 15:39:34,092 INFO spawned: 'laravel-worker_01' with pid 12
2024-12-01 15:39:34,094 INFO spawned: 'php-fpm' with pid 13
2024-12-01 15:39:34,285 WARN exited: laravel-worker_00 (exit status 1; not expected)
2024-12-01 15:39:34,286 WARN exited: laravel-worker_01 (exit status 1; not expected)
2024-12-01 15:39:35,288 INFO success: cron-job entered RUNNING state, process has stayed up for > than 1 seconds (startsecs)
2024-12-01 15:39:35,289 INFO spawned: 'laravel-worker_00' with pid 22
2024-12-01 15:39:35,290 INFO spawned: 'laravel-worker_01' with pid 23
2024-12-01 15:39:35,290 INFO success: php-fpm entered RUNNING state, process has stayed up for > than 1 seconds (startsecs)
2024-12-01 15:39:35,407 WARN exited: laravel-worker_00 (exit status 1; not expected)
2024-12-01 15:39:35,407 WARN exited: laravel-worker_01 (exit status 1; not expected)
2024-12-01 15:39:37,411 INFO spawned: 'laravel-worker_00' with pid 30
2024-12-01 15:39:37,412 INFO spawned: 'laravel-worker_01' with pid 31
2024-12-01 15:39:37,532 WARN exited: laravel-worker_00 (exit status 1; not expected)
2024-12-01 15:39:37,532 WARN exited: laravel-worker_01 (exit status 1; not expected)
2024-12-01 15:39:40,914 INFO spawned: 'laravel-worker_00' with pid 40
2024-12-01 15:39:40,915 INFO spawned: 'laravel-worker_01' with pid 41
2024-12-01 15:39:41,032 WARN exited: laravel-worker_00 (exit status 1; not expected)
2024-12-01 15:39:41,032 WARN exited: laravel-worker_01 (exit status 1; not expected)
2024-12-01 15:39:42,034 INFO gave up: laravel-worker_00 entered FATAL state, too many start retries too quickly
2024-12-01 15:39:42,034 INFO gave up: laravel-worker_01 entered FATAL state, too many start retries too quickly
2024-12-01 15:50:24,381 WARN received SIGQUIT indicating exit request
2024-12-01 15:50:24,381 INFO waiting for cron-job, php-fpm to die
2024-12-01 15:50:24,387 INFO stopped: php-fpm (exit status 0)
2024-12-01 15:50:25,388 WARN stopped: cron-job (terminated by SIGTERM)
2024-12-01 15:50:54,487 CRIT Supervisor is running as root.  Privileges were not dropped because no user is specified in the config file.  If you intend to run as root, you can set user=root in the config file to avoid this message.
2024-12-01 15:50:54,487 INFO Included extra file "/etc/supervisor.d/cron.conf" during parsing
2024-12-01 15:50:54,487 INFO Included extra file "/etc/supervisor.d/php-fpm.conf" during parsing
2024-12-01 15:50:54,487 INFO Included extra file "/etc/supervisor.d/worker.conf" during parsing
2024-12-01 15:50:54,489 INFO supervisord started with pid 1
2024-12-01 15:50:55,491 INFO spawned: 'cron-job' with pid 10
2024-12-01 15:50:55,493 INFO spawned: 'laravel-worker_00' with pid 11
2024-12-01 15:50:55,494 INFO spawned: 'laravel-worker_01' with pid 12
2024-12-01 15:50:55,496 INFO spawned: 'php-fpm' with pid 13
2024-12-01 15:50:56,528 INFO success: cron-job entered RUNNING state, process has stayed up for > than 1 seconds (startsecs)
2024-12-01 15:50:56,529 INFO success: laravel-worker_00 entered RUNNING state, process has stayed up for > than 1 seconds (startsecs)
2024-12-01 15:50:56,529 INFO success: laravel-worker_01 entered RUNNING state, process has stayed up for > than 1 seconds (startsecs)
2024-12-01 15:50:56,529 INFO success: php-fpm entered RUNNING state, process has stayed up for > than 1 seconds (startsecs)
2024-12-01 16:01:00,613 WARN received SIGQUIT indicating exit request
2024-12-01 16:01:00,613 INFO waiting for cron-job, laravel-worker_00, laravel-worker_01, php-fpm to die
2024-12-01 16:01:00,620 INFO stopped: php-fpm (exit status 0)
2024-12-01 16:01:00,624 WARN stopped: laravel-worker_01 (terminated by SIGTERM)
2024-12-01 16:01:00,624 WARN stopped: laravel-worker_00 (terminated by SIGTERM)
2024-12-01 16:01:00,624 WARN stopped: cron-job (terminated by SIGTERM)
2024-12-01 16:01:00,624 INFO reaped unknown pid 54 (exit status 0)
2024-12-01 16:01:10,910 CRIT Supervisor is running as root.  Privileges were not dropped because no user is specified in the config file.  If you intend to run as root, you can set user=root in the config file to avoid this message.
2024-12-01 16:01:10,910 INFO Included extra file "/etc/supervisor.d/cron.conf" during parsing
2024-12-01 16:01:10,910 INFO Included extra file "/etc/supervisor.d/php-fpm.conf" during parsing
2024-12-01 16:01:10,910 INFO Included extra file "/etc/supervisor.d/worker.conf" during parsing
2024-12-01 16:01:10,912 INFO supervisord started with pid 1
2024-12-01 16:01:11,915 INFO spawned: 'cron-job' with pid 10
2024-12-01 16:01:11,916 INFO spawned: 'laravel-worker_00' with pid 11
2024-12-01 16:01:11,918 INFO spawned: 'laravel-worker_01' with pid 12
2024-12-01 16:01:11,919 INFO spawned: 'php-fpm' with pid 13
2024-12-01 16:01:14,047 INFO success: cron-job entered RUNNING state, process has stayed up for > than 1 seconds (startsecs)
2024-12-01 16:01:14,047 INFO success: laravel-worker_00 entered RUNNING state, process has stayed up for > than 1 seconds (startsecs)
2024-12-01 16:01:14,048 INFO success: laravel-worker_01 entered RUNNING state, process has stayed up for > than 1 seconds (startsecs)
2024-12-01 16:01:14,048 INFO success: php-fpm entered RUNNING state, process has stayed up for > than 1 seconds (startsecs)
2024-12-01 16:03:40,598 WARN received SIGQUIT indicating exit request
2024-12-01 16:03:40,599 INFO waiting for cron-job, laravel-worker_00, laravel-worker_01, php-fpm to die
2024-12-01 16:03:40,605 INFO stopped: php-fpm (exit status 0)
2024-12-01 16:03:40,608 WARN stopped: laravel-worker_01 (terminated by SIGTERM)
2024-12-01 16:03:40,608 WARN stopped: laravel-worker_00 (terminated by SIGTERM)
2024-12-01 16:03:40,608 WARN stopped: cron-job (terminated by SIGTERM)
2024-12-01 16:04:03,966 CRIT Supervisor is running as root.  Privileges were not dropped because no user is specified in the config file.  If you intend to run as root, you can set user=root in the config file to avoid this message.
2024-12-01 16:04:03,966 INFO Included extra file "/etc/supervisor.d/cron.conf" during parsing
2024-12-01 16:04:03,966 INFO Included extra file "/etc/supervisor.d/php-fpm.conf" during parsing
2024-12-01 16:04:03,966 INFO Included extra file "/etc/supervisor.d/worker.conf" during parsing
2024-12-01 16:04:03,968 INFO supervisord started with pid 1
2024-12-01 16:04:04,970 INFO spawned: 'cron-job' with pid 10
2024-12-01 16:04:04,972 INFO spawned: 'laravel-worker_00' with pid 11
2024-12-01 16:04:04,973 INFO spawned: 'laravel-worker_01' with pid 12
2024-12-01 16:04:04,974 INFO spawned: 'php-fpm' with pid 13
2024-12-01 16:04:06,005 INFO success: cron-job entered RUNNING state, process has stayed up for > than 1 seconds (startsecs)
2024-12-01 16:04:06,005 INFO success: laravel-worker_00 entered RUNNING state, process has stayed up for > than 1 seconds (startsecs)
2024-12-01 16:04:06,006 INFO success: laravel-worker_01 entered RUNNING state, process has stayed up for > than 1 seconds (startsecs)
2024-12-01 16:04:06,006 INFO success: php-fpm entered RUNNING state, process has stayed up for > than 1 seconds (startsecs)
2024-12-01 16:05:35,941 INFO reaped unknown pid 53 (exit status 0)
2024-12-01 16:07:28,604 INFO reaped unknown pid 101 (exit status 0)
2024-12-01 16:08:55,908 INFO reaped unknown pid 146 (exit status 0)
2024-12-01 16:09:29,398 INFO reaped unknown pid 191 (exit status 0)
2024-12-01 16:10:50,772 INFO reaped unknown pid 236 (exit status 0)
2024-12-01 16:18:05,346 INFO reaped unknown pid 300 (exit status 0)
2024-12-01 16:26:08,254 INFO reaped unknown pid 366 (exit status 0)
2024-12-01 16:34:21,806 WARN received SIGQUIT indicating exit request
2024-12-01 16:34:21,806 INFO waiting for cron-job, laravel-worker_00, laravel-worker_01, php-fpm to die
2024-12-01 16:34:21,812 INFO stopped: php-fpm (exit status 0)
2024-12-01 16:34:21,815 WARN stopped: laravel-worker_01 (terminated by SIGTERM)
2024-12-01 16:34:21,815 WARN stopped: laravel-worker_00 (terminated by SIGTERM)
2024-12-01 16:34:21,815 WARN stopped: cron-job (terminated by SIGTERM)
2024-12-01 16:34:29,158 CRIT Supervisor is running as root.  Privileges were not dropped because no user is specified in the config file.  If you intend to run as root, you can set user=root in the config file to avoid this message.
2024-12-01 16:34:29,159 INFO Included extra file "/etc/supervisor.d/cron.conf" during parsing
2024-12-01 16:34:29,159 INFO Included extra file "/etc/supervisor.d/php-fpm.conf" during parsing
2024-12-01 16:34:29,159 INFO Included extra file "/etc/supervisor.d/worker.conf" during parsing
2024-12-01 16:34:29,160 INFO supervisord started with pid 1
2024-12-01 16:34:30,163 INFO spawned: 'cron-job' with pid 10
2024-12-01 16:34:30,165 INFO spawned: 'laravel-worker_00' with pid 11
2024-12-01 16:34:30,166 INFO spawned: 'laravel-worker_01' with pid 12
2024-12-01 16:34:30,167 INFO spawned: 'php-fpm' with pid 13
2024-12-01 16:34:31,792 INFO success: cron-job entered RUNNING state, process has stayed up for > than 1 seconds (startsecs)
2024-12-01 16:34:31,793 INFO success: laravel-worker_00 entered RUNNING state, process has stayed up for > than 1 seconds (startsecs)
2024-12-01 16:34:31,793 INFO success: laravel-worker_01 entered RUNNING state, process has stayed up for > than 1 seconds (startsecs)
2024-12-01 16:34:31,793 INFO success: php-fpm entered RUNNING state, process has stayed up for > than 1 seconds (startsecs)
2024-12-01 16:36:50,487 INFO reaped unknown pid 56 (exit status 0)
2024-12-01 16:39:26,993 INFO reaped unknown pid 107 (exit status 0)
2024-12-01 16:42:35,759 INFO reaped unknown pid 158 (exit status 0)
2024-12-01 16:48:40,984 INFO reaped unknown pid 219 (exit status 0)
2024-12-01 16:54:27,150 INFO reaped unknown pid 279 (exit status 0)
2024-12-01 16:56:37,353 INFO reaped unknown pid 327 (exit status 0)
2024-12-01 17:33:23,678 INFO reaped unknown pid 490 (exit status 0)
2024-12-01 17:38:10,406 INFO reaped unknown pid 544 (exit status 0)
2024-12-01 17:39:34,315 INFO reaped unknown pid 592 (exit status 0)
2024-12-01 17:40:28,590 INFO reaped unknown pid 637 (exit status 0)
2024-12-01 17:41:34,183 INFO reaped unknown pid 682 (terminated by SIGINT)
2024-12-01 17:43:16,612 INFO reaped unknown pid 741 (terminated by SIGINT)
2024-12-01 17:49:38,669 INFO reaped unknown pid 786 (terminated by SIGINT)
2024-12-01 17:50:48,359 INFO reaped unknown pid 848 (terminated by SIGINT)
2024-12-01 17:51:11,609 INFO reaped unknown pid 893 (exit status 0)
2024-12-01 17:52:25,907 INFO reaped unknown pid 941 (exit status 0)
2024-12-01 17:53:45,497 INFO reaped unknown pid 986 (exit status 0)
2024-12-01 17:57:02,708 INFO reaped unknown pid 1038 (exit status 0)
2024-12-01 18:22:57,223 INFO reaped unknown pid 1161 (exit status 0)
2024-12-01 18:53:10,001 INFO reaped unknown pid 1321 (exit status 0)
2024-12-01 18:55:25,088 INFO reaped unknown pid 1372 (exit status 0)
2024-12-01 18:57:11,817 INFO reaped unknown pid 1417 (exit status 0)
2024-12-01 18:58:05,795 WARN received SIGQUIT indicating exit request
2024-12-01 18:58:05,795 INFO waiting for cron-job, laravel-worker_00, laravel-worker_01, php-fpm to die
2024-12-01 18:58:05,803 WARN exited: laravel-worker_00 (exit status 1; not expected)
2024-12-01 18:58:05,803 WARN exited: laravel-worker_01 (exit status 1; not expected)
2024-12-01 18:58:05,805 INFO stopped: php-fpm (exit status 0)
2024-12-01 18:58:06,807 WARN stopped: cron-job (terminated by SIGTERM)
2024-12-01 18:58:06,807 INFO reaped unknown pid 1440 (exit status 0)
2024-12-01 23:36:35,971 CRIT Supervisor is running as root.  Privileges were not dropped because no user is specified in the config file.  If you intend to run as root, you can set user=root in the config file to avoid this message.
2024-12-01 23:36:35,971 INFO Included extra file "/etc/supervisor.d/cron.conf" during parsing
2024-12-01 23:36:35,971 INFO Included extra file "/etc/supervisor.d/php-fpm.conf" during parsing
2024-12-01 23:36:35,971 INFO Included extra file "/etc/supervisor.d/worker.conf" during parsing
2024-12-01 23:36:35,976 INFO supervisord started with pid 1
2024-12-01 23:36:36,979 INFO spawned: 'cron-job' with pid 10
2024-12-01 23:36:36,981 INFO spawned: 'laravel-worker_00' with pid 11
2024-12-01 23:36:36,982 INFO spawned: 'laravel-worker_01' with pid 12
2024-12-01 23:36:36,983 INFO spawned: 'php-fpm' with pid 13
2024-12-01 23:36:38,828 INFO success: cron-job entered RUNNING state, process has stayed up for > than 1 seconds (startsecs)
2024-12-01 23:36:38,829 INFO success: laravel-worker_00 entered RUNNING state, process has stayed up for > than 1 seconds (startsecs)
2024-12-01 23:36:38,829 INFO success: laravel-worker_01 entered RUNNING state, process has stayed up for > than 1 seconds (startsecs)
2024-12-01 23:36:38,829 INFO success: php-fpm entered RUNNING state, process has stayed up for > than 1 seconds (startsecs)
2024-12-01 23:42:46,059 INFO reaped unknown pid 70 (terminated by SIGINT)
2024-12-01 23:43:01,074 INFO reaped unknown pid 136 (exit status 0)
2024-12-01 23:43:32,735 INFO reaped unknown pid 180 (exit status 0)
2024-12-01 23:46:12,322 INFO reaped unknown pid 229 (exit status 0)
2024-12-01 23:52:04,564 INFO reaped unknown pid 290 (exit status 0)
2024-12-01 23:56:12,218 INFO reaped unknown pid 344 (exit status 0)
2024-12-02 00:03:37,611 INFO reaped unknown pid 412 (exit status 0)
2024-12-02 00:05:17,241 INFO reaped unknown pid 460 (exit status 0)
2024-12-02 00:11:58,155 INFO reaped unknown pid 520 (exit status 0)
2024-12-02 00:24:35,412 INFO reaped unknown pid 602 (exit status 0)
2024-12-02 00:27:33,028 INFO reaped unknown pid 653 (exit status 0)
2024-12-02 00:32:49,279 INFO reaped unknown pid 711 (exit status 0)
2024-12-02 00:34:27,306 INFO reaped unknown pid 759 (exit status 0)
2024-12-02 00:50:42,866 INFO reaped unknown pid 849 (exit status 0)
2024-12-02 00:54:27,731 WARN received SIGQUIT indicating exit request
2024-12-02 00:54:27,732 INFO waiting for cron-job, laravel-worker_00, laravel-worker_01, php-fpm to die
2024-12-02 00:54:27,738 INFO stopped: php-fpm (exit status 0)
2024-12-02 00:54:27,741 WARN stopped: laravel-worker_01 (terminated by SIGTERM)
2024-12-02 00:54:27,741 WARN stopped: laravel-worker_00 (terminated by SIGTERM)
2024-12-02 00:54:27,741 WARN stopped: cron-job (terminated by SIGTERM)
2024-12-02 00:54:42,173 CRIT Supervisor is running as root.  Privileges were not dropped because no user is specified in the config file.  If you intend to run as root, you can set user=root in the config file to avoid this message.
2024-12-02 00:54:42,173 INFO Included extra file "/etc/supervisor.d/cron.conf" during parsing
2024-12-02 00:54:42,173 INFO Included extra file "/etc/supervisor.d/php-fpm.conf" during parsing
2024-12-02 00:54:42,173 INFO Included extra file "/etc/supervisor.d/worker.conf" during parsing
2024-12-02 00:54:42,175 INFO supervisord started with pid 1
2024-12-02 00:54:43,178 INFO spawned: 'cron-job' with pid 10
2024-12-02 00:54:43,179 INFO spawned: 'laravel-worker_00' with pid 11
2024-12-02 00:54:43,180 INFO spawned: 'laravel-worker_01' with pid 12
2024-12-02 00:54:43,181 INFO spawned: 'php-fpm' with pid 13
2024-12-02 00:54:44,908 INFO success: cron-job entered RUNNING state, process has stayed up for > than 1 seconds (startsecs)
2024-12-02 00:54:44,909 INFO success: laravel-worker_00 entered RUNNING state, process has stayed up for > than 1 seconds (startsecs)
2024-12-02 00:54:44,909 INFO success: laravel-worker_01 entered RUNNING state, process has stayed up for > than 1 seconds (startsecs)
2024-12-02 00:54:44,909 INFO success: php-fpm entered RUNNING state, process has stayed up for > than 1 seconds (startsecs)
2024-12-02 00:56:22,187 WARN received SIGQUIT indicating exit request
2024-12-02 00:56:22,188 INFO waiting for cron-job, laravel-worker_00, laravel-worker_01, php-fpm to die
2024-12-02 00:56:22,194 INFO stopped: php-fpm (exit status 0)
2024-12-02 00:56:22,196 WARN stopped: laravel-worker_01 (terminated by SIGTERM)
2024-12-02 00:56:22,196 WARN stopped: laravel-worker_00 (terminated by SIGTERM)
2024-12-02 00:56:22,197 WARN stopped: cron-job (terminated by SIGTERM)
2024-12-02 00:56:54,151 CRIT Supervisor is running as root.  Privileges were not dropped because no user is specified in the config file.  If you intend to run as root, you can set user=root in the config file to avoid this message.
2024-12-02 00:56:54,151 INFO Included extra file "/etc/supervisor.d/cron.conf" during parsing
2024-12-02 00:56:54,151 INFO Included extra file "/etc/supervisor.d/php-fpm.conf" during parsing
2024-12-02 00:56:54,151 INFO Included extra file "/etc/supervisor.d/worker.conf" during parsing
2024-12-02 00:56:54,154 INFO supervisord started with pid 1
2024-12-02 00:56:55,157 INFO spawned: 'cron-job' with pid 10
2024-12-02 00:56:55,158 INFO spawned: 'laravel-worker_00' with pid 11
2024-12-02 00:56:55,159 INFO spawned: 'laravel-worker_01' with pid 12
2024-12-02 00:56:55,161 INFO spawned: 'php-fpm' with pid 13
2024-12-02 00:56:56,192 INFO success: cron-job entered RUNNING state, process has stayed up for > than 1 seconds (startsecs)
2024-12-02 00:56:56,192 INFO success: laravel-worker_00 entered RUNNING state, process has stayed up for > than 1 seconds (startsecs)
2024-12-02 00:56:56,192 INFO success: laravel-worker_01 entered RUNNING state, process has stayed up for > than 1 seconds (startsecs)
2024-12-02 00:56:56,192 INFO success: php-fpm entered RUNNING state, process has stayed up for > than 1 seconds (startsecs)
